2025-06-28 20:42:14,511 - bot_v2 - INFO - GUI principal inicializada
2025-06-28 20:42:26,617 - bot_v2 - INFO - GUI principal inicializada
2025-06-28 22:52:04,011 - bot_v2 - INFO - GUI principal inicializada
2025-06-29 07:05:27,743 - bot_v2 - INFO - GUI principal inicializada
2025-06-29 13:12:03,506 - bot_v2 - INFO - GUI principal inicializada
2025-06-29 14:12:50,694 - bot_v2 - INFO - Iniciando aplicación PyQt6...
2025-06-29 14:12:51,749 - bot_v2 - INFO - Sistema detectado: {'platform': 'Windows', 'platform_release': '10', 'platform_version': '10.0.19045', 'architecture': '64bit', 'machine': 'AMD64', 'processor': 'Intel64 Family 6 Model 154 Stepping 3, GenuineIntel', 'python_version': '3.11.5 (tags/v3.11.5:cce6ba9, Aug 24 2023, 14:38:34) [MSC v.1936 64 bit (AMD64)]', 'is_wsl': False, 'wsl_version': None, 'has_wsl_available': True, 'performance_score': {'cpu_count': 16, 'cpu_frequency_mhz': 2300.0, 'cpu_usage_percent': 7.6, 'memory_total_gb': 15.68, 'memory_available_gb': 3.09, 'memory_usage_percent': 80.3, 'disk_free_gb': 32.07, 'score': 50}, 'recommended_environment': 'windows'}
2025-06-29 14:13:12,871 - bot_v2 - INFO - Usuario eligió continuar en Windows
2025-06-29 14:13:12,895 - bot_v2 - INFO - MainWindow PyQt6 inicializada
2025-06-29 14:13:12,895 - bot_v2 - INFO - Ventana principal creada exitosamente
2025-06-29 14:13:13,059 - bot_v2 - INFO - Aplicación PyQt6 iniciada exitosamente
2025-06-29 14:13:41,934 - bot_v2 - INFO - Iniciando aplicación PyQt6...
2025-06-29 14:13:42,982 - bot_v2 - INFO - Sistema detectado: {'platform': 'Windows', 'platform_release': '10', 'platform_version': '10.0.19045', 'architecture': '64bit', 'machine': 'AMD64', 'processor': 'Intel64 Family 6 Model 154 Stepping 3, GenuineIntel', 'python_version': '3.11.5 (tags/v3.11.5:cce6ba9, Aug 24 2023, 14:38:34) [MSC v.1936 64 bit (AMD64)]', 'is_wsl': False, 'wsl_version': None, 'has_wsl_available': True, 'performance_score': {'cpu_count': 16, 'cpu_frequency_mhz': 2300.0, 'cpu_usage_percent': 3.9, 'memory_total_gb': 15.68, 'memory_available_gb': 3.16, 'memory_usage_percent': 79.9, 'disk_free_gb': 32.08, 'score': 50}, 'recommended_environment': 'windows'}
2025-06-29 14:13:46,010 - bot_v2 - INFO - Usuario eligió continuar en Windows
2025-06-29 14:13:46,030 - bot_v2 - INFO - MainWindow PyQt6 inicializada
2025-06-29 14:13:46,031 - bot_v2 - INFO - Ventana principal creada exitosamente
2025-06-29 14:13:46,137 - bot_v2 - INFO - Aplicación PyQt6 iniciada exitosamente
2025-06-29 14:14:01,727 - bot_v2 - INFO - Tema aplicado: light
2025-06-29 14:14:01,727 - bot_v2 - INFO - Tema cambiado a: light
2025-06-29 14:14:02,355 - bot_v2 - INFO - Tema aplicado: dark
2025-06-29 14:14:02,355 - bot_v2 - INFO - Tema cambiado a: dark
2025-06-29 14:14:02,847 - bot_v2 - INFO - Tema aplicado: qdark
2025-06-29 14:14:02,848 - bot_v2 - INFO - Tema cambiado a: qdark
2025-06-29 14:14:04,365 - bot_v2 - INFO - Tema aplicado: qdark
2025-06-29 14:14:04,365 - bot_v2 - INFO - Tema cambiado a: qdark
2025-06-29 14:14:04,766 - bot_v2 - INFO - Tema aplicado: qdark
2025-06-29 14:14:04,767 - bot_v2 - INFO - Tema cambiado a: qdark
2025-06-29 14:14:05,089 - bot_v2 - INFO - Tema aplicado: dark
2025-06-29 14:14:05,089 - bot_v2 - INFO - Tema cambiado a: dark
2025-06-29 14:14:05,701 - bot_v2 - INFO - Tema aplicado: qdark
2025-06-29 14:14:05,702 - bot_v2 - INFO - Tema cambiado a: qdark
2025-06-29 14:14:06,654 - bot_v2 - INFO - Tema aplicado: dark
2025-06-29 14:14:06,654 - bot_v2 - INFO - Tema cambiado a: dark
2025-06-29 14:14:07,307 - bot_v2 - INFO - Tema aplicado: qdark
2025-06-29 14:14:07,307 - bot_v2 - INFO - Tema cambiado a: qdark
2025-06-29 14:14:08,375 - bot_v2 - INFO - Tema aplicado: dark
2025-06-29 14:14:08,375 - bot_v2 - INFO - Tema cambiado a: dark
2025-06-29 14:14:08,622 - bot_v2 - INFO - Tema aplicado: dark
2025-06-29 14:14:08,623 - bot_v2 - INFO - Tema cambiado a: dark
2025-06-29 14:14:09,566 - bot_v2 - INFO - Tema aplicado: light
2025-06-29 14:14:09,566 - bot_v2 - INFO - Tema cambiado a: light
2025-06-29 14:14:10,164 - bot_v2 - INFO - Tema aplicado: qdark
2025-06-29 14:14:10,164 - bot_v2 - INFO - Tema cambiado a: qdark
2025-06-29 14:14:10,916 - bot_v2 - INFO - Tema aplicado: qdark
2025-06-29 14:14:10,916 - bot_v2 - INFO - Tema cambiado a: qdark
2025-06-29 14:14:11,249 - bot_v2 - INFO - Tema aplicado: dark
2025-06-29 14:14:11,249 - bot_v2 - INFO - Tema cambiado a: dark
2025-06-29 14:14:12,274 - bot_v2 - INFO - Tema aplicado: qdark
2025-06-29 14:14:12,274 - bot_v2 - INFO - Tema cambiado a: qdark
2025-06-29 14:14:23,363 - bot_v2 - INFO - Tema aplicado: dark
2025-06-29 14:14:23,363 - bot_v2 - INFO - Tema cambiado a: dark
2025-06-29 14:14:23,844 - bot_v2 - INFO - Tema aplicado: light
2025-06-29 14:14:23,844 - bot_v2 - INFO - Tema cambiado a: light
2025-06-29 14:14:24,296 - bot_v2 - INFO - Tema aplicado: qdark
2025-06-29 14:14:24,296 - bot_v2 - INFO - Tema cambiado a: qdark
2025-06-29 14:14:25,033 - bot_v2 - INFO - Tema aplicado: dark
2025-06-29 14:14:25,033 - bot_v2 - INFO - Tema cambiado a: dark
2025-06-29 14:14:25,441 - bot_v2 - INFO - Tema aplicado: light
2025-06-29 14:14:25,441 - bot_v2 - INFO - Tema cambiado a: light
2025-06-29 14:14:26,053 - bot_v2 - INFO - Tema aplicado: qdark
2025-06-29 14:14:26,053 - bot_v2 - INFO - Tema cambiado a: qdark
2025-06-29 14:14:26,676 - bot_v2 - INFO - Tema aplicado: dark
2025-06-29 14:14:26,677 - bot_v2 - INFO - Tema cambiado a: dark
2025-06-29 14:14:27,695 - bot_v2 - INFO - Tema aplicado: light
2025-06-29 14:14:27,695 - bot_v2 - INFO - Tema cambiado a: light
2025-06-29 14:14:28,615 - bot_v2 - INFO - Tema aplicado: qdark
2025-06-29 14:14:28,616 - bot_v2 - INFO - Tema cambiado a: qdark
2025-06-29 14:14:31,209 - bot_v2 - INFO - Tema aplicado: dark
2025-06-29 14:14:31,209 - bot_v2 - INFO - Tema cambiado a: dark
2025-06-29 14:14:42,817 - bot_v2 - INFO - Iniciando todos los scrapers
2025-06-29 14:14:44,721 - bot_v2 - INFO - Iniciando scrapers seleccionados
2025-06-29 14:14:50,305 - bot_v2 - INFO - Iniciando análisis de rentabilidad (modo: False)
2025-06-29 14:14:53,299 - bot_v2 - INFO - Análisis de rentabilidad completado
2025-06-29 14:15:03,999 - bot_v2 - INFO - Exportando resultados
2025-06-29 14:15:11,417 - bot_v2 - INFO - Abriendo configuración de scrapers
2025-06-29 14:15:14,661 - bot_v2 - INFO - Importando configuración
2025-06-29 14:15:16,530 - bot_v2 - INFO - Cerrando aplicación PyQt6
2025-06-29 14:15:16,539 - bot_v2 - INFO - Cleanup completado
2025-06-29 14:15:16,539 - bot_v2 - INFO - Aplicación PyQt6 cerrada
2025-06-29 17:57:18,919 - bot_v2 - INFO - Iniciando aplicación PyQt6...
2025-06-29 17:57:19,982 - bot_v2 - INFO - Sistema detectado: {'platform': 'Windows', 'platform_release': '10', 'platform_version': '10.0.19045', 'architecture': '64bit', 'machine': 'AMD64', 'processor': 'Intel64 Family 6 Model 154 Stepping 3, GenuineIntel', 'python_version': '3.11.5 (tags/v3.11.5:cce6ba9, Aug 24 2023, 14:38:34) [MSC v.1936 64 bit (AMD64)]', 'is_wsl': False, 'wsl_version': None, 'has_wsl_available': True, 'performance_score': {'cpu_count': 16, 'cpu_frequency_mhz': 2300.0, 'cpu_usage_percent': 2.5, 'memory_total_gb': 15.68, 'memory_available_gb': 1.62, 'memory_usage_percent': 89.6, 'disk_free_gb': 31.19, 'score': 50}, 'recommended_environment': 'windows'}
2025-06-29 17:57:23,832 - bot_v2 - INFO - Usuario eligió continuar en Windows
2025-06-29 17:57:24,000 - bot_v2 - ERROR - Error creando ventana principal: name 'get_main_logger' is not defined
2025-06-29 17:57:24,010 - bot_v2 - INFO - Aplicación PyQt6 cerrada
2025-06-29 17:58:25,170 - bot_v2 - INFO - Iniciando aplicación PyQt6...
2025-06-29 17:58:26,222 - bot_v2 - INFO - Sistema detectado: {'platform': 'Windows', 'platform_release': '10', 'platform_version': '10.0.19045', 'architecture': '64bit', 'machine': 'AMD64', 'processor': 'Intel64 Family 6 Model 154 Stepping 3, GenuineIntel', 'python_version': '3.11.5 (tags/v3.11.5:cce6ba9, Aug 24 2023, 14:38:34) [MSC v.1936 64 bit (AMD64)]', 'is_wsl': False, 'wsl_version': None, 'has_wsl_available': True, 'performance_score': {'cpu_count': 16, 'cpu_frequency_mhz': 2300.0, 'cpu_usage_percent': 3.5, 'memory_total_gb': 15.68, 'memory_available_gb': 1.76, 'memory_usage_percent': 88.7, 'disk_free_gb': 31.19, 'score': 50}, 'recommended_environment': 'windows'}
2025-06-29 17:58:29,244 - bot_v2 - INFO - Usuario eligió ejecutar en WSL
2025-06-29 17:58:29,244 - bot_v2 - INFO - Ejecutando en WSL: wsl -e python3 /mnt/c/Users/Zolu/Documents/aa-Proyecto CSGO-aa/BOT-VCSGO-BETA-V2/launcher_pyqt6.py
2025-06-29 17:58:29,247 - bot_v2 - INFO - Aplicación PyQt6 cerrada
2025-06-29 17:59:11,419 - bot_v2 - INFO - Iniciando aplicación PyQt6...
2025-06-29 17:59:12,464 - bot_v2 - INFO - Sistema detectado: {'platform': 'Windows', 'platform_release': '10', 'platform_version': '10.0.19045', 'architecture': '64bit', 'machine': 'AMD64', 'processor': 'Intel64 Family 6 Model 154 Stepping 3, GenuineIntel', 'python_version': '3.11.5 (tags/v3.11.5:cce6ba9, Aug 24 2023, 14:38:34) [MSC v.1936 64 bit (AMD64)]', 'is_wsl': False, 'wsl_version': None, 'has_wsl_available': True, 'performance_score': {'cpu_count': 16, 'cpu_frequency_mhz': 2300.0, 'cpu_usage_percent': 1.6, 'memory_total_gb': 15.68, 'memory_available_gb': 1.75, 'memory_usage_percent': 88.8, 'disk_free_gb': 31.17, 'score': 50}, 'recommended_environment': 'windows'}
2025-06-29 17:59:18,716 - bot_v2 - INFO - Usuario eligió continuar en Windows
2025-06-29 17:59:18,855 - bot_v2 - ERROR - Error creando ventana principal: name 'get_main_logger' is not defined
2025-06-29 17:59:18,864 - bot_v2 - INFO - Aplicación PyQt6 cerrada
2025-06-29 18:03:31,726 - bot_v2 - INFO - Iniciando aplicación PyQt6...
2025-06-29 18:03:32,797 - bot_v2 - INFO - Sistema detectado: {'platform': 'Windows', 'platform_release': '10', 'platform_version': '10.0.19045', 'architecture': '64bit', 'machine': 'AMD64', 'processor': 'Intel64 Family 6 Model 154 Stepping 3, GenuineIntel', 'python_version': '3.11.5 (tags/v3.11.5:cce6ba9, Aug 24 2023, 14:38:34) [MSC v.1936 64 bit (AMD64)]', 'is_wsl': False, 'wsl_version': None, 'has_wsl_available': True, 'performance_score': {'cpu_count': 16, 'cpu_frequency_mhz': 2300.0, 'cpu_usage_percent': 1.8, 'memory_total_gb': 15.68, 'memory_available_gb': 1.5, 'memory_usage_percent': 90.4, 'disk_free_gb': 31.16, 'score': 50}, 'recommended_environment': 'windows'}
2025-06-29 18:03:35,497 - bot_v2 - INFO - Usuario eligió continuar en Windows
2025-06-29 18:03:35,706 - bot_v2 - ERROR - Error creando ventana principal: 'LogViewer' object has no attribute 'setMaximumBlockCount'
2025-06-29 18:03:35,718 - bot_v2 - INFO - Aplicación PyQt6 cerrada
2025-06-29 18:06:11,808 - bot_v2 - INFO - Iniciando aplicación PyQt6...
2025-06-29 18:06:12,882 - bot_v2 - INFO - Sistema detectado: {'platform': 'Windows', 'platform_release': '10', 'platform_version': '10.0.19045', 'architecture': '64bit', 'machine': 'AMD64', 'processor': 'Intel64 Family 6 Model 154 Stepping 3, GenuineIntel', 'python_version': '3.11.5 (tags/v3.11.5:cce6ba9, Aug 24 2023, 14:38:34) [MSC v.1936 64 bit (AMD64)]', 'is_wsl': False, 'wsl_version': None, 'has_wsl_available': True, 'performance_score': {'cpu_count': 16, 'cpu_frequency_mhz': 2300.0, 'cpu_usage_percent': 5.0, 'memory_total_gb': 15.68, 'memory_available_gb': 1.32, 'memory_usage_percent': 91.6, 'disk_free_gb': 31.16, 'score': 50}, 'recommended_environment': 'windows'}
2025-06-29 18:06:15,587 - bot_v2 - INFO - Usuario eligió continuar en Windows
2025-06-29 18:06:15,869 - bot_v2 - INFO - MainWindow PyQt6 inicializada
2025-06-29 18:06:15,872 - bot_v2 - INFO - Ventana principal creada exitosamente
2025-06-29 18:06:16,138 - bot_v2 - INFO - Aplicación PyQt6 iniciada exitosamente
2025-06-29 18:06:48,859 - bot_v2 - INFO - Tema aplicado: qdark
2025-06-29 18:06:48,859 - bot_v2 - INFO - Tema cambiado a: qdark
2025-06-29 18:06:49,744 - bot_v2 - INFO - Tema aplicado: dark
2025-06-29 18:06:49,744 - bot_v2 - INFO - Tema cambiado a: dark
2025-06-29 18:06:50,283 - bot_v2 - INFO - Tema aplicado: light
2025-06-29 18:06:50,283 - bot_v2 - INFO - Tema cambiado a: light
2025-06-29 18:06:50,705 - bot_v2 - INFO - Tema aplicado: qdark
2025-06-29 18:06:50,705 - bot_v2 - INFO - Tema cambiado a: qdark
2025-06-29 18:07:28,144 - bot_v2 - INFO - Solicitud de inicio para scraper: groups
2025-06-29 18:07:41,934 - bot_v2 - INFO - Solicitud de parada para scraper: groups
2025-06-29 18:08:11,511 - bot_v2 - INFO - Solicitud de inicio para scraper: waxpeer
2025-06-29 18:08:40,160 - bot_v2 - INFO - Solicitud de parada para scraper: waxpeer
2025-06-29 18:08:58,022 - bot_v2 - INFO - Cerrando aplicación PyQt6
2025-06-29 18:08:58,034 - bot_v2 - INFO - Cleanup completado
2025-06-29 18:08:58,034 - bot_v2 - INFO - Aplicación PyQt6 cerrada
2025-06-29 18:10:48,422 - bot_v2 - INFO - Iniciando aplicación PyQt6...
2025-06-29 18:10:49,446 - bot_v2 - INFO - Sistema detectado: {'platform': 'Linux', 'platform_release': '5.10.16.3-microsoft-standard-WSL2', 'platform_version': '#1 SMP Fri Apr 2 22:23:49 UTC 2021', 'architecture': '64bit', 'machine': 'x86_64', 'processor': 'x86_64', 'python_version': '3.11.8 (main, Jun 20 2025, 04:23:14) [GCC 9.4.0]', 'is_wsl': True, 'wsl_version': 'WSL 2', 'has_wsl_available': False, 'performance_score': {'cpu_count': 16, 'cpu_frequency_mhz': 2687.998, 'cpu_usage_percent': 0.0, 'memory_total_gb': 12.23, 'memory_available_gb': 9.7, 'memory_usage_percent': 20.7, 'disk_free_gb': 31.16, 'score': 60}, 'recommended_environment': 'native'}
2025-06-29 18:10:49,674 - bot_v2 - INFO - MainWindow PyQt6 inicializada
2025-06-29 18:10:49,674 - bot_v2 - INFO - Ventana principal creada exitosamente
2025-06-29 18:10:49,685 - bot_v2 - INFO - Aplicación PyQt6 iniciada exitosamente
2025-06-29 18:51:56,320 - bot_v2 - INFO - Iniciando aplicación PyQt6...
2025-06-29 18:51:57,387 - bot_v2 - INFO - Sistema detectado: {'platform': 'Windows', 'platform_release': '10', 'platform_version': '10.0.19045', 'architecture': '64bit', 'machine': 'AMD64', 'processor': 'Intel64 Family 6 Model 154 Stepping 3, GenuineIntel', 'python_version': '3.11.5 (tags/v3.11.5:cce6ba9, Aug 24 2023, 14:38:34) [MSC v.1936 64 bit (AMD64)]', 'is_wsl': False, 'wsl_version': None, 'has_wsl_available': True, 'performance_score': {'cpu_count': 16, 'cpu_frequency_mhz': 2300.0, 'cpu_usage_percent': 0.9, 'memory_total_gb': 15.68, 'memory_available_gb': 2.4, 'memory_usage_percent': 84.7, 'disk_free_gb': 29.81, 'score': 50}, 'recommended_environment': 'windows'}
2025-06-29 18:52:00,211 - bot_v2 - INFO - Usuario eligió continuar en Windows
2025-06-29 18:52:00,218 - bot_v2 - ERROR - Error creando ventana principal: type object 'PySide6.QtCore.Qt' has no attribute 'ScrollBarNever'
2025-06-29 18:52:00,218 - bot_v2 - INFO - Aplicación PyQt6 cerrada
2025-06-29 18:57:38,751 - bot_v2 - INFO - Iniciando aplicación PyQt6...
2025-06-29 18:57:39,818 - bot_v2 - INFO - Sistema detectado: {'platform': 'Windows', 'platform_release': '10', 'platform_version': '10.0.19045', 'architecture': '64bit', 'machine': 'AMD64', 'processor': 'Intel64 Family 6 Model 154 Stepping 3, GenuineIntel', 'python_version': '3.11.5 (tags/v3.11.5:cce6ba9, Aug 24 2023, 14:38:34) [MSC v.1936 64 bit (AMD64)]', 'is_wsl': False, 'wsl_version': None, 'has_wsl_available': True, 'performance_score': {'cpu_count': 16, 'cpu_frequency_mhz': 2300.0, 'cpu_usage_percent': 0.9, 'memory_total_gb': 15.68, 'memory_available_gb': 2.17, 'memory_usage_percent': 86.1, 'disk_free_gb': 29.83, 'score': 50}, 'recommended_environment': 'windows'}
2025-06-29 18:57:42,273 - bot_v2 - INFO - Usuario eligió continuar en Windows
2025-06-29 18:57:42,650 - bot_v2 - INFO - MainWindow PyQt6 inicializada
2025-06-29 18:57:42,682 - bot_v2 - INFO - Notificación agregada: Aplicación Iniciada
2025-06-29 18:57:42,684 - bot_v2 - INFO - Ventana principal creada exitosamente
2025-06-29 18:57:43,052 - bot_v2 - INFO - Aplicación PyQt6 iniciada exitosamente
2025-06-29 18:58:21,380 - bot_v2 - INFO - Cerrando aplicación PyQt6
2025-06-29 18:58:21,389 - bot_v2 - INFO - Cleanup completado
2025-06-29 18:58:21,389 - bot_v2 - INFO - Aplicación PyQt6 cerrada
2025-06-29 18:59:49,706 - bot_v2 - INFO - Iniciando aplicación PyQt6...
2025-06-29 18:59:50,774 - bot_v2 - INFO - Sistema detectado: {'platform': 'Windows', 'platform_release': '10', 'platform_version': '10.0.19045', 'architecture': '64bit', 'machine': 'AMD64', 'processor': 'Intel64 Family 6 Model 154 Stepping 3, GenuineIntel', 'python_version': '3.11.5 (tags/v3.11.5:cce6ba9, Aug 24 2023, 14:38:34) [MSC v.1936 64 bit (AMD64)]', 'is_wsl': False, 'wsl_version': None, 'has_wsl_available': True, 'performance_score': {'cpu_count': 16, 'cpu_frequency_mhz': 2300.0, 'cpu_usage_percent': 1.1, 'memory_total_gb': 15.68, 'memory_available_gb': 2.25, 'memory_usage_percent': 85.6, 'disk_free_gb': 29.81, 'score': 50}, 'recommended_environment': 'windows'}
2025-06-29 18:59:53,245 - bot_v2 - INFO - Usuario eligió continuar en Windows
2025-06-29 18:59:53,533 - bot_v2 - INFO - MainWindow PyQt6 inicializada
2025-06-29 18:59:53,563 - bot_v2 - INFO - Notificación agregada: Aplicación Iniciada
2025-06-29 18:59:53,564 - bot_v2 - INFO - Ventana principal creada exitosamente
2025-06-29 18:59:53,818 - bot_v2 - INFO - Aplicación PyQt6 iniciada exitosamente
2025-06-29 19:01:05,381 - bot_v2 - INFO - Cerrando aplicación PyQt6
2025-06-29 19:01:05,390 - bot_v2 - INFO - Cleanup completado
2025-06-29 19:01:05,392 - bot_v2 - INFO - Aplicación PyQt6 cerrada
2025-06-29 19:01:07,158 - bot_v2 - INFO - Iniciando aplicación PyQt6...
2025-06-29 19:01:08,223 - bot_v2 - INFO - Sistema detectado: {'platform': 'Windows', 'platform_release': '10', 'platform_version': '10.0.19045', 'architecture': '64bit', 'machine': 'AMD64', 'processor': 'Intel64 Family 6 Model 154 Stepping 3, GenuineIntel', 'python_version': '3.11.5 (tags/v3.11.5:cce6ba9, Aug 24 2023, 14:38:34) [MSC v.1936 64 bit (AMD64)]', 'is_wsl': False, 'wsl_version': None, 'has_wsl_available': True, 'performance_score': {'cpu_count': 16, 'cpu_frequency_mhz': 2300.0, 'cpu_usage_percent': 1.1, 'memory_total_gb': 15.68, 'memory_available_gb': 2.08, 'memory_usage_percent': 86.8, 'disk_free_gb': 29.81, 'score': 50}, 'recommended_environment': 'windows'}
2025-06-29 19:01:10,628 - bot_v2 - INFO - Usuario eligió continuar en Windows
2025-06-29 19:01:10,912 - bot_v2 - INFO - MainWindow PyQt6 inicializada
2025-06-29 19:01:10,947 - bot_v2 - INFO - Notificación agregada: Aplicación Iniciada
2025-06-29 19:01:10,947 - bot_v2 - INFO - Ventana principal creada exitosamente
2025-06-29 19:01:11,226 - bot_v2 - INFO - Aplicación PyQt6 iniciada exitosamente
2025-06-29 19:03:41,722 - bot_v2 - INFO - Cerrando aplicación PyQt6
2025-06-29 19:03:41,737 - bot_v2 - INFO - Cleanup completado
2025-06-29 19:03:41,737 - bot_v2 - INFO - Aplicación PyQt6 cerrada
2025-06-29 19:03:43,769 - bot_v2 - INFO - Iniciando aplicación PyQt6...
2025-06-29 19:03:44,816 - bot_v2 - INFO - Sistema detectado: {'platform': 'Windows', 'platform_release': '10', 'platform_version': '10.0.19045', 'architecture': '64bit', 'machine': 'AMD64', 'processor': 'Intel64 Family 6 Model 154 Stepping 3, GenuineIntel', 'python_version': '3.11.5 (tags/v3.11.5:cce6ba9, Aug 24 2023, 14:38:34) [MSC v.1936 64 bit (AMD64)]', 'is_wsl': False, 'wsl_version': None, 'has_wsl_available': True, 'performance_score': {'cpu_count': 16, 'cpu_frequency_mhz': 2300.0, 'cpu_usage_percent': 1.1, 'memory_total_gb': 15.68, 'memory_available_gb': 1.95, 'memory_usage_percent': 87.6, 'disk_free_gb': 29.81, 'score': 50}, 'recommended_environment': 'windows'}
2025-06-29 19:03:46,943 - bot_v2 - INFO - Usuario eligió continuar en Windows
2025-06-29 19:03:47,220 - bot_v2 - INFO - MainWindow PyQt6 inicializada
2025-06-29 19:03:47,257 - bot_v2 - INFO - Notificación agregada: Aplicación Iniciada
2025-06-29 19:03:47,258 - bot_v2 - INFO - Ventana principal creada exitosamente
2025-06-29 19:03:47,389 - bot_v2 - INFO - Aplicación PyQt6 iniciada exitosamente
2025-06-29 19:04:03,696 - bot_v2 - INFO - Iniciando análisis de rentabilidad (modo: False)
2025-06-29 19:04:03,726 - bot_v2 - INFO - Notificación agregada: Análisis Iniciado
2025-06-29 19:04:06,763 - bot_v2 - INFO - Notificación agregada: Análisis Completado
2025-06-29 19:04:06,764 - bot_v2 - INFO - Análisis de rentabilidad completado
2025-06-29 19:05:06,717 - bot_v2 - INFO - Escaneo completado: 0 imágenes faltantes
2025-06-29 19:05:52,999 - bot_v2 - INFO - Importando configuración
2025-06-29 19:05:56,137 - bot_v2 - INFO - Exportando resultados
2025-06-29 19:05:58,743 - bot_v2 - INFO - Exportando resultados
2025-06-29 19:06:01,133 - bot_v2 - INFO - Iniciando análisis de rentabilidad (modo: False)
2025-06-29 19:06:01,160 - bot_v2 - INFO - Notificación agregada: Análisis Iniciado
2025-06-29 19:06:04,195 - bot_v2 - INFO - Notificación agregada: Análisis Completado
2025-06-29 19:06:04,195 - bot_v2 - INFO - Análisis de rentabilidad completado
2025-06-29 19:06:05,797 - bot_v2 - INFO - Solicitud de inicio para scraper: waxpeer
2025-06-29 19:07:10,574 - bot_v2 - INFO - GUI principal inicializada
2025-06-29 23:15:28,280 - bot_v2 - INFO - Iniciando aplicación PyQt6...
2025-06-29 23:15:28,283 - bot_v2 - INFO - Sistema detectado: {'platform': 'Windows', 'platform_release': '10', 'platform_version': '10.0.19045', 'architecture': 'AMD64', 'processor': 'Intel64 Family 6 Model 154 Stepping 3, GenuineIntel', 'python_version': '3.11.5', 'is_wsl': False, 'is_windows': True, 'is_linux': False, 'is_macos': False, 'wsl_version': None, 'has_display': True, 'performance_tier': 'medium', 'windows_version': ('10', '10.0.19045', 'SP0', 'Multiprocessor Free'), 'wsl_installed': True, 'wsl_distributions': ['\x00', '\x00', '\x00U\x00b\x00u\x00n\x00t\x00u\x00 \x00(\x00p\x00r\x00e\x00d\x00e\x00t\x00.\x00)\x00', '\x00', '\x00']}
2025-06-29 23:15:38,243 - bot_v2 - INFO - Usuario eligió continuar en Windows
2025-06-29 23:15:38,246 - bot_v2 - ERROR - Error creando ventana principal: name 'get_notification_manager' is not defined
2025-06-29 23:15:38,247 - bot_v2 - INFO - Aplicación PyQt6 cerrada
