2025-06-28 21:38:50,177 - scraper.waxpeer - INFO - Scraper waxpeer inicializado (habilitado: Sí, proxy: No, cache: Sí, API key: No)
2025-06-28 21:38:50,177 - scraper.waxpeer - INFO - Waxpeer scraper inicializado
2025-06-28 21:38:50,178 - scraper.waxpeer - INFO - Iniciando scraper waxpeer
2025-06-28 21:38:50,178 - scraper.waxpeer - INFO - Obteniendo datos de Waxpeer API...
2025-06-28 21:38:51,397 - scraper.waxpeer - INFO - Parseados 20601 items de Waxpeer
2025-06-28 21:38:51,446 - scraper.waxpeer - INFO - Datos guardados en /mnt/c/Users/Zolu/Documents/aa-Proyecto CSGO-aa/BOT-VCSGO-BETA-V2/data/waxpeer_data.json (20601 items)
2025-06-28 21:38:51,447 - scraper.waxpeer - INFO - Scraper completado: 20601 items válidos obtenidos
2025-06-28 21:38:51,448 - scraper.waxpeer - INFO - Estadísticas - Requests: 1, Fallos: 0, Items: 20601, Éxito: 100.0%
2025-06-28 22:52:19,200 - scraper.waxpeer - INFO - Scraper waxpeer inicializado (habilitado: Sí, proxy: No, cache: Sí, API key: Sí)
2025-06-28 22:52:19,201 - scraper.waxpeer - INFO - Waxpeer scraper inicializado
2025-06-28 22:52:19,203 - scraper.waxpeer - INFO - Iniciando scraper waxpeer
2025-06-28 22:52:19,204 - scraper.waxpeer - INFO - Obteniendo datos de Waxpeer API...
2025-06-28 22:52:20,897 - scraper.waxpeer - INFO - Parseados 20550 items de Waxpeer
2025-06-28 22:52:20,918 - scraper.waxpeer - INFO - Datos guardados en C:\Users\Zolu\Documents\aa-Proyecto CSGO-aa\BOT-VCSGO-BETA-V2\data\waxpeer_data.json (20550 items)
2025-06-28 22:52:20,919 - scraper.waxpeer - INFO - Scraper completado: 20550 items válidos obtenidos
2025-06-28 22:52:20,919 - scraper.waxpeer - INFO - Estadísticas - Requests: 1, Fallos: 0, Items: 20550, Éxito: 100.0%
2025-06-29 07:07:55,801 - scraper.waxpeer - INFO - Usando cache service avanzado de BOT-vCSGO-Beta
2025-06-29 07:07:55,803 - scraper.waxpeer - INFO - Profitability engine disponible
2025-06-29 07:07:55,804 - scraper.waxpeer - INFO - Scraper waxpeer inicializado (habilitado: Sí, proxy: No, cache: Sí, API key: Sí)
2025-06-29 07:07:55,804 - scraper.waxpeer - INFO - Waxpeer scraper inicializado
2025-06-29 07:07:55,807 - scraper.waxpeer - INFO - Iniciando scraper waxpeer
2025-06-29 07:07:55,807 - scraper.waxpeer - INFO - Obteniendo datos de Waxpeer API...
2025-06-29 07:07:57,809 - scraper.waxpeer - INFO - Usando API key de Waxpeer para mejor rate limiting
2025-06-29 07:07:57,815 - scraper.waxpeer - INFO - Parseados 21046 items de Waxpeer
2025-06-29 07:07:57,829 - scraper.waxpeer - ERROR - Error calculando rentabilidad: ProfitabilityEngine.calculate_opportunities() got an unexpected keyword argument 'platform_data'
2025-06-29 07:07:57,836 - scraper.waxpeer - INFO - Datos guardados en C:\Users\Zolu\Documents\aa-Proyecto CSGO-aa\BOT-VCSGO-BETA-V2\data\waxpeer_data.json (21046 items)
2025-06-29 07:07:57,837 - scraper.waxpeer - INFO - Scraper completado: 21046 items válidos obtenidos
2025-06-29 07:07:57,838 - scraper.waxpeer - INFO - Estadísticas - Requests: 1, Fallos: 0, Items: 21046, Éxito: 100.0%
2025-06-29 13:41:45,334 - scraper.waxpeer - INFO - Usando cache service avanzado de BOT-vCSGO-Beta
2025-06-29 13:41:45,337 - scraper.waxpeer - INFO - Profitability engine disponible
2025-06-29 13:41:45,338 - scraper.waxpeer - INFO - Scraper waxpeer inicializado (habilitado: Sí, proxy: No, cache: Sí, API key: Sí)
2025-06-29 13:41:45,338 - scraper.waxpeer - INFO - Waxpeer scraper inicializado
2025-06-29 13:41:45,339 - scraper.waxpeer - INFO - Iniciando scraper waxpeer
2025-06-29 13:41:45,339 - scraper.waxpeer - INFO - Obteniendo datos de Waxpeer API...
2025-06-29 13:41:46,515 - scraper.waxpeer - INFO - Usando API key de Waxpeer para mejor rate limiting
2025-06-29 13:41:46,523 - scraper.waxpeer - INFO - Parseados 21029 items de Waxpeer
2025-06-29 13:41:46,539 - scraper.waxpeer - ERROR - Error calculando rentabilidad: ProfitabilityEngine.calculate_opportunities() got an unexpected keyword argument 'platform_data'
2025-06-29 13:41:46,572 - scraper.waxpeer - INFO - Datos guardados en /mnt/c/Users/Zolu/Documents/aa-Proyecto CSGO-aa/BOT-VCSGO-BETA-V2/data/waxpeer_data.json (21029 items)
2025-06-29 13:41:46,573 - scraper.waxpeer - INFO - Scraper completado: 21029 items válidos obtenidos
2025-06-29 13:41:46,574 - scraper.waxpeer - INFO - Estadísticas - Requests: 1, Fallos: 0, Items: 21029, Éxito: 100.0%
2025-06-29 13:43:51,315 - scraper.waxpeer - INFO - Usando cache service avanzado de BOT-vCSGO-Beta
2025-06-29 13:43:51,317 - scraper.waxpeer - INFO - Profitability engine disponible
2025-06-29 13:43:51,318 - scraper.waxpeer - INFO - Scraper waxpeer inicializado (habilitado: Sí, proxy: No, cache: Sí, API key: Sí)
2025-06-29 13:43:51,319 - scraper.waxpeer - INFO - Waxpeer scraper inicializado
2025-06-29 13:43:51,319 - scraper.waxpeer - INFO - Iniciando scraper waxpeer
2025-06-29 13:43:51,320 - scraper.waxpeer - INFO - Obteniendo datos de Waxpeer API...
2025-06-29 13:43:52,937 - scraper.waxpeer - INFO - Usando API key de Waxpeer para mejor rate limiting
2025-06-29 13:43:52,958 - scraper.waxpeer - INFO - Parseados 21027 items de Waxpeer
2025-06-29 13:43:52,973 - scraper.waxpeer - ERROR - Error calculando rentabilidad: ProfitabilityEngine.calculate_opportunities() got an unexpected keyword argument 'platform_data'
2025-06-29 13:43:52,999 - scraper.waxpeer - INFO - Datos guardados en /mnt/c/Users/Zolu/Documents/aa-Proyecto CSGO-aa/BOT-VCSGO-BETA-V2/data/waxpeer_data.json (21027 items)
2025-06-29 13:43:53,001 - scraper.waxpeer - INFO - Scraper completado: 21027 items válidos obtenidos
2025-06-29 13:43:53,001 - scraper.waxpeer - INFO - Estadísticas - Requests: 1, Fallos: 0, Items: 21027, Éxito: 100.0%
2025-06-29 13:45:13,498 - scraper.waxpeer - INFO - Usando cache service avanzado de BOT-vCSGO-Beta
2025-06-29 13:45:13,501 - scraper.waxpeer - INFO - Profitability engine disponible
2025-06-29 13:45:13,503 - scraper.waxpeer - INFO - Scraper waxpeer inicializado (habilitado: Sí, proxy: No, cache: Sí, API key: Sí)
2025-06-29 13:45:13,503 - scraper.waxpeer - INFO - Waxpeer scraper inicializado
2025-06-29 13:45:13,504 - scraper.waxpeer - INFO - Iniciando scraper waxpeer
2025-06-29 13:45:13,504 - scraper.waxpeer - INFO - Obteniendo datos de Waxpeer API...
2025-06-29 13:45:15,296 - scraper.waxpeer - INFO - Usando API key de Waxpeer para mejor rate limiting
2025-06-29 13:45:15,311 - scraper.waxpeer - INFO - Parseados 21028 items de Waxpeer
2025-06-29 13:45:15,325 - scraper.waxpeer - ERROR - Error calculando rentabilidad: ProfitabilityEngine.calculate_opportunities() got an unexpected keyword argument 'platform_data'
2025-06-29 13:45:15,354 - scraper.waxpeer - INFO - Datos guardados en /mnt/c/Users/Zolu/Documents/aa-Proyecto CSGO-aa/BOT-VCSGO-BETA-V2/data/waxpeer_data.json (21028 items)
2025-06-29 13:45:15,356 - scraper.waxpeer - INFO - Scraper completado: 21028 items válidos obtenidos
2025-06-29 13:45:15,356 - scraper.waxpeer - INFO - Estadísticas - Requests: 1, Fallos: 0, Items: 21028, Éxito: 100.0%
2025-07-07 13:50:45,977 - scraper.waxpeer - INFO - Usando cache service avanzado de BOT-vCSGO-Beta
2025-07-07 13:50:45,979 - scraper.waxpeer - INFO - Profitability engine disponible
2025-07-07 13:50:45,982 - scraper.waxpeer - INFO - Scraper waxpeer inicializado (habilitado: Sí, proxy: No, cache: Sí, API key: Sí)
2025-07-07 13:50:45,982 - scraper.waxpeer - INFO - Waxpeer scraper inicializado
2025-07-07 13:50:45,983 - scraper.waxpeer - INFO - Iniciando scraper waxpeer
2025-07-07 13:50:45,984 - scraper.waxpeer - INFO - Obteniendo datos de Waxpeer API...
2025-07-07 13:50:48,099 - scraper.waxpeer - INFO - Usando API key de Waxpeer para mejor rate limiting
2025-07-07 13:50:48,115 - scraper.waxpeer - INFO - Parseados 21105 items de Waxpeer
2025-07-07 13:50:48,134 - scraper.waxpeer - ERROR - Error calculando rentabilidad: ProfitabilityEngine.calculate_opportunities() got an unexpected keyword argument 'platform_data'
2025-07-07 13:50:48,175 - scraper.waxpeer - INFO - Datos guardados en C:\Users\Zolu\Documents\aa-Proyecto CSGO-aa\BOT-VCSGO-BETA-V2\data\waxpeer_data.json (21105 items)
2025-07-07 13:50:48,183 - scraper.waxpeer - INFO - Scraper completado: 21105 items válidos obtenidos
2025-07-07 13:50:48,200 - scraper.waxpeer - INFO - Estadísticas - Requests: 1, Fallos: 0, Items: 21105, Éxito: 100.0%
2025-07-07 20:10:50,722 - scraper.waxpeer - INFO - Usando cache service avanzado de BOT-vCSGO-Beta
2025-07-07 20:10:50,736 - scraper.waxpeer - INFO - Profitability engine disponible
2025-07-07 20:10:50,739 - scraper.waxpeer - INFO - Scraper waxpeer inicializado (habilitado: Sí, proxy: No, cache: Sí, API key: Sí)
2025-07-07 20:10:50,739 - scraper.waxpeer - INFO - Waxpeer scraper inicializado
2025-07-07 20:10:50,741 - scraper.waxpeer - INFO - Iniciando scraper waxpeer
2025-07-07 20:10:50,745 - scraper.waxpeer - INFO - Obteniendo datos de Waxpeer API...
2025-07-07 20:10:53,955 - scraper.waxpeer - INFO - Usando API key de Waxpeer para mejor rate limiting
2025-07-07 20:10:53,982 - scraper.waxpeer - INFO - Parseados 20914 items de Waxpeer
2025-07-07 20:10:54,019 - scraper.waxpeer - ERROR - Error calculando rentabilidad: ProfitabilityEngine.calculate_opportunities() got an unexpected keyword argument 'platform_data'
2025-07-07 20:10:54,036 - scraper.waxpeer - INFO - Datos guardados en C:\Users\Zolu\Documents\aa-Proyecto CSGO-aa\BOT-VCSGO-BETA-V2\data\waxpeer_data.json (20914 items)
2025-07-07 20:10:54,038 - scraper.waxpeer - INFO - Scraper completado: 20914 items válidos obtenidos
2025-07-07 20:10:54,039 - scraper.waxpeer - INFO - Estadísticas - Requests: 1, Fallos: 0, Items: 20914, Éxito: 100.0%
2025-07-07 20:29:55,450 - scraper.waxpeer - INFO - Usando cache service avanzado de BOT-vCSGO-Beta
2025-07-07 20:29:55,451 - scraper.waxpeer - INFO - Profitability engine disponible
2025-07-07 20:29:55,451 - scraper.waxpeer - INFO - Scraper waxpeer inicializado (habilitado: Sí, proxy: No, cache: Sí, API key: Sí)
2025-07-07 20:29:55,452 - scraper.waxpeer - INFO - Waxpeer scraper inicializado
2025-07-07 20:29:55,452 - scraper.waxpeer - INFO - Iniciando scraper waxpeer
2025-07-07 20:29:55,452 - scraper.waxpeer - INFO - Obteniendo datos de Waxpeer API...
2025-07-07 20:29:57,322 - scraper.waxpeer - INFO - Usando API key de Waxpeer para mejor rate limiting
2025-07-07 20:29:57,337 - scraper.waxpeer - INFO - Parseados 20914 items de Waxpeer
2025-07-07 20:29:57,353 - scraper.waxpeer - ERROR - Error calculando rentabilidad: ProfitabilityEngine.calculate_opportunities() got an unexpected keyword argument 'platform_data'
2025-07-07 20:29:57,362 - scraper.waxpeer - INFO - Datos guardados en C:\Users\Zolu\Documents\aa-Proyecto CSGO-aa\BOT-VCSGO-BETA-V2\data\waxpeer_data.json (20914 items)
2025-07-07 20:29:57,364 - scraper.waxpeer - INFO - Scraper completado: 20914 items válidos obtenidos
2025-07-07 20:29:57,364 - scraper.waxpeer - INFO - Estadísticas - Requests: 1, Fallos: 0, Items: 20914, Éxito: 100.0%
2025-07-07 20:54:53,852 - scraper.waxpeer - INFO - Usando cache service avanzado de BOT-vCSGO-Beta
2025-07-07 20:54:53,853 - scraper.waxpeer - INFO - Profitability engine disponible
2025-07-07 20:54:53,854 - scraper.waxpeer - INFO - Scraper waxpeer inicializado (habilitado: Sí, proxy: No, cache: Sí, API key: Sí)
2025-07-07 20:54:53,854 - scraper.waxpeer - INFO - Waxpeer scraper inicializado
2025-07-07 20:54:53,855 - scraper.waxpeer - INFO - Iniciando scraper waxpeer
2025-07-07 20:54:53,856 - scraper.waxpeer - INFO - Obteniendo datos de Waxpeer API...
2025-07-07 20:54:55,399 - scraper.waxpeer - INFO - Usando API key de Waxpeer para mejor rate limiting
2025-07-07 20:54:55,412 - scraper.waxpeer - INFO - Parseados 20927 items de Waxpeer
2025-07-07 20:54:55,427 - scraper.waxpeer - ERROR - Error calculando rentabilidad: ProfitabilityEngine.calculate_opportunities() got an unexpected keyword argument 'platform_data'
2025-07-07 20:54:55,435 - scraper.waxpeer - INFO - Datos guardados en C:\Users\Zolu\Documents\aa-Proyecto CSGO-aa\BOT-VCSGO-BETA-V2\data\waxpeer_data.json (20927 items)
2025-07-07 20:54:55,436 - scraper.waxpeer - INFO - Scraper completado: 20927 items válidos obtenidos
2025-07-07 20:54:55,436 - scraper.waxpeer - INFO - Estadísticas - Requests: 1, Fallos: 0, Items: 20927, Éxito: 100.0%
2025-07-07 20:55:07,926 - scraper.waxpeer - INFO - Usando cache service avanzado de BOT-vCSGO-Beta
2025-07-07 20:55:07,927 - scraper.waxpeer - INFO - Profitability engine disponible
2025-07-07 20:55:07,927 - scraper.waxpeer - INFO - Scraper waxpeer inicializado (habilitado: Sí, proxy: No, cache: Sí, API key: Sí)
2025-07-07 20:55:07,928 - scraper.waxpeer - INFO - Waxpeer scraper inicializado
2025-07-07 20:55:07,928 - scraper.waxpeer - INFO - Iniciando scraper waxpeer
2025-07-07 20:55:07,928 - scraper.waxpeer - INFO - Obteniendo datos de Waxpeer API...
2025-07-07 20:55:09,599 - scraper.waxpeer - INFO - Usando API key de Waxpeer para mejor rate limiting
2025-07-07 20:55:09,623 - scraper.waxpeer - INFO - Parseados 20929 items de Waxpeer
2025-07-07 20:55:09,637 - scraper.waxpeer - ERROR - Error calculando rentabilidad: ProfitabilityEngine.calculate_opportunities() got an unexpected keyword argument 'platform_data'
2025-07-07 20:55:09,646 - scraper.waxpeer - INFO - Datos guardados en C:\Users\Zolu\Documents\aa-Proyecto CSGO-aa\BOT-VCSGO-BETA-V2\data\waxpeer_data.json (20929 items)
2025-07-07 20:55:09,647 - scraper.waxpeer - INFO - Scraper completado: 20929 items válidos obtenidos
2025-07-07 20:55:09,648 - scraper.waxpeer - INFO - Estadísticas - Requests: 1, Fallos: 0, Items: 20929, Éxito: 100.0%
2025-07-07 20:55:19,170 - scraper.waxpeer - INFO - Usando cache service avanzado de BOT-vCSGO-Beta
2025-07-07 20:55:19,172 - scraper.waxpeer - INFO - Profitability engine disponible
2025-07-07 20:55:19,173 - scraper.waxpeer - INFO - Scraper waxpeer inicializado (habilitado: Sí, proxy: No, cache: Sí, API key: Sí)
2025-07-07 20:55:19,173 - scraper.waxpeer - INFO - Waxpeer scraper inicializado
2025-07-07 20:55:19,173 - scraper.waxpeer - INFO - Iniciando scraper waxpeer
2025-07-07 20:55:19,174 - scraper.waxpeer - INFO - Obteniendo datos de Waxpeer API...
2025-07-07 20:55:20,969 - scraper.waxpeer - INFO - Usando API key de Waxpeer para mejor rate limiting
2025-07-07 20:55:20,983 - scraper.waxpeer - INFO - Parseados 20930 items de Waxpeer
2025-07-07 20:55:20,999 - scraper.waxpeer - ERROR - Error calculando rentabilidad: ProfitabilityEngine.calculate_opportunities() got an unexpected keyword argument 'platform_data'
2025-07-07 20:55:21,008 - scraper.waxpeer - INFO - Datos guardados en C:\Users\Zolu\Documents\aa-Proyecto CSGO-aa\BOT-VCSGO-BETA-V2\data\waxpeer_data.json (20930 items)
2025-07-07 20:55:21,009 - scraper.waxpeer - INFO - Scraper completado: 20930 items válidos obtenidos
2025-07-07 20:55:21,010 - scraper.waxpeer - INFO - Estadísticas - Requests: 1, Fallos: 0, Items: 20930, Éxito: 100.0%
2025-07-08 03:53:14,892 - scraper.waxpeer - INFO - Usando cache service avanzado de BOT-vCSGO-Beta
2025-07-08 03:53:14,893 - scraper.waxpeer - INFO - Profitability engine disponible
2025-07-08 03:53:14,894 - scraper.waxpeer - INFO - Scraper waxpeer inicializado (habilitado: Sí, proxy: No, cache: Sí, API key: Sí)
2025-07-08 03:53:14,894 - scraper.waxpeer - INFO - Waxpeer scraper inicializado
2025-07-08 03:53:14,895 - scraper.waxpeer - INFO - Iniciando scraper waxpeer
2025-07-08 03:53:14,896 - scraper.waxpeer - INFO - Obteniendo datos de Waxpeer API...
2025-07-08 03:53:17,162 - scraper.waxpeer - INFO - Usando API key de Waxpeer para mejor rate limiting
2025-07-08 03:53:17,174 - scraper.waxpeer - INFO - Parseados 21056 items de Waxpeer
2025-07-08 03:53:17,188 - scraper.waxpeer - ERROR - Error calculando rentabilidad: ProfitabilityEngine.calculate_opportunities() got an unexpected keyword argument 'platform_data'
2025-07-08 03:53:17,197 - scraper.waxpeer - INFO - Datos guardados en C:\Users\Zolu\Documents\aa-Proyecto CSGO-aa\BOT-VCSGO-BETA-V2\data\waxpeer_data.json (21056 items)
2025-07-08 03:53:17,199 - scraper.waxpeer - INFO - Scraper completado: 21056 items válidos obtenidos
2025-07-08 03:53:17,200 - scraper.waxpeer - INFO - Estadísticas - Requests: 1, Fallos: 0, Items: 21056, Éxito: 100.0%
2025-07-08 03:53:25,175 - scraper.waxpeer - INFO - Usando cache service avanzado de BOT-vCSGO-Beta
2025-07-08 03:53:25,177 - scraper.waxpeer - INFO - Profitability engine disponible
2025-07-08 03:53:25,177 - scraper.waxpeer - INFO - Scraper waxpeer inicializado (habilitado: Sí, proxy: No, cache: Sí, API key: Sí)
2025-07-08 03:53:25,177 - scraper.waxpeer - INFO - Waxpeer scraper inicializado
2025-07-08 03:53:25,178 - scraper.waxpeer - INFO - Iniciando scraper waxpeer
2025-07-08 03:53:25,178 - scraper.waxpeer - INFO - Obteniendo datos de Waxpeer API...
2025-07-08 03:53:27,240 - scraper.waxpeer - INFO - Usando API key de Waxpeer para mejor rate limiting
2025-07-08 03:53:27,252 - scraper.waxpeer - INFO - Parseados 21056 items de Waxpeer
2025-07-08 03:53:27,268 - scraper.waxpeer - ERROR - Error calculando rentabilidad: ProfitabilityEngine.calculate_opportunities() got an unexpected keyword argument 'platform_data'
2025-07-08 03:53:27,278 - scraper.waxpeer - INFO - Datos guardados en C:\Users\Zolu\Documents\aa-Proyecto CSGO-aa\BOT-VCSGO-BETA-V2\data\waxpeer_data.json (21056 items)
2025-07-08 03:53:27,279 - scraper.waxpeer - INFO - Scraper completado: 21056 items válidos obtenidos
2025-07-08 03:53:27,280 - scraper.waxpeer - INFO - Estadísticas - Requests: 1, Fallos: 0, Items: 21056, Éxito: 100.0%
