2025-06-29 13:47:53,747 - scraper.white - INFO - Usando cache service avanzado de BOT-vCSGO-Beta
2025-06-29 13:47:53,750 - scraper.white - INFO - Profitability engine disponible
2025-06-29 13:47:53,752 - scraper.white - INFO - Scraper white inicializado (habilitado: Sí, proxy: No, cache: Sí, API key: No)
2025-06-29 13:47:53,752 - scraper.white - INFO - White.market scraper inicializado (migrado desde BOT-vCSGO-Beta)
2025-06-29 13:47:53,752 - scraper.white - INFO - Iniciando scraper white
2025-06-29 13:47:53,753 - scraper.white - INFO - Obteniendo datos de White.market API (usando lógica BOT-vCSGO-Beta)...
2025-06-29 13:47:57,222 - scraper.white - INFO - Parseados 23686 items de White.market
2025-06-29 13:47:57,242 - scraper.white - ERROR - Error calculando rentabilidad: ProfitabilityEngine.calculate_opportunities() got an unexpected keyword argument 'platform_data'
2025-06-29 13:47:57,262 - scraper.white - INFO - Datos guardados en /mnt/c/Users/Zolu/Documents/aa-Proyecto CSGO-aa/BOT-VCSGO-BETA-V2/data/white_data.json (23686 items)
2025-06-29 13:47:57,264 - scraper.white - INFO - Scraper completado: 23686 items válidos obtenidos
2025-06-29 13:47:57,264 - scraper.white - INFO - Estadísticas - Requests: 1, Fallos: 0, Items: 23686, Éxito: 100.0%
2025-06-29 13:48:46,859 - scraper.white - INFO - Usando cache service avanzado de BOT-vCSGO-Beta
2025-06-29 13:48:46,864 - scraper.white - INFO - Profitability engine disponible
2025-06-29 13:48:46,866 - scraper.white - INFO - Scraper white inicializado (habilitado: Sí, proxy: No, cache: Sí, API key: No)
2025-06-29 13:48:46,867 - scraper.white - INFO - White.market scraper inicializado (migrado desde BOT-vCSGO-Beta)
2025-06-29 13:48:46,867 - scraper.white - INFO - Iniciando scraper white
2025-06-29 13:48:46,868 - scraper.white - INFO - Obteniendo datos de White.market API (usando lógica BOT-vCSGO-Beta)...
2025-06-29 13:48:49,945 - scraper.white - INFO - Parseados 23686 items de White.market
2025-06-29 13:48:49,963 - scraper.white - ERROR - Error calculando rentabilidad: ProfitabilityEngine.calculate_opportunities() got an unexpected keyword argument 'platform_data'
2025-06-29 13:48:49,994 - scraper.white - INFO - Datos guardados en /mnt/c/Users/Zolu/Documents/aa-Proyecto CSGO-aa/BOT-VCSGO-BETA-V2/data/white_data.json (23686 items)
2025-06-29 13:48:49,997 - scraper.white - INFO - Scraper completado: 23686 items válidos obtenidos
2025-06-29 13:48:49,997 - scraper.white - INFO - Estadísticas - Requests: 1, Fallos: 0, Items: 23686, Éxito: 100.0%
2025-07-07 13:50:46,191 - scraper.white - INFO - Usando cache service avanzado de BOT-vCSGO-Beta
2025-07-07 13:50:46,242 - scraper.white - INFO - Profitability engine disponible
2025-07-07 13:50:46,244 - scraper.white - INFO - Scraper white inicializado (habilitado: Sí, proxy: No, cache: Sí, API key: No)
2025-07-07 13:50:46,245 - scraper.white - INFO - White.market scraper inicializado (migrado desde BOT-vCSGO-Beta)
2025-07-07 13:50:46,250 - scraper.white - INFO - Iniciando scraper white
2025-07-07 13:50:46,274 - scraper.white - INFO - Obteniendo datos de White.market API (usando lógica BOT-vCSGO-Beta)...
2025-07-07 13:50:53,165 - scraper.white - INFO - Parseados 23973 items de White.market
2025-07-07 13:50:53,183 - scraper.white - ERROR - Error calculando rentabilidad: ProfitabilityEngine.calculate_opportunities() got an unexpected keyword argument 'platform_data'
2025-07-07 13:50:53,192 - scraper.white - INFO - Datos guardados en C:\Users\Zolu\Documents\aa-Proyecto CSGO-aa\BOT-VCSGO-BETA-V2\data\white_data.json (23973 items)
2025-07-07 13:50:53,194 - scraper.white - INFO - Scraper completado: 23973 items válidos obtenidos
2025-07-07 13:50:53,194 - scraper.white - INFO - Estadísticas - Requests: 1, Fallos: 0, Items: 23973, Éxito: 100.0%
2025-07-07 20:10:50,728 - scraper.white - INFO - Usando cache service avanzado de BOT-vCSGO-Beta
2025-07-07 20:10:50,750 - scraper.white - INFO - Profitability engine disponible
2025-07-07 20:10:50,753 - scraper.white - INFO - Scraper white inicializado (habilitado: Sí, proxy: No, cache: Sí, API key: No)
2025-07-07 20:10:50,756 - scraper.white - INFO - White.market scraper inicializado (migrado desde BOT-vCSGO-Beta)
2025-07-07 20:10:50,778 - scraper.white - INFO - Iniciando scraper white
2025-07-07 20:10:50,780 - scraper.white - INFO - Obteniendo datos de White.market API (usando lógica BOT-vCSGO-Beta)...
2025-07-07 20:10:55,358 - scraper.white - INFO - Parseados 23954 items de White.market
2025-07-07 20:10:55,384 - scraper.white - ERROR - Error calculando rentabilidad: ProfitabilityEngine.calculate_opportunities() got an unexpected keyword argument 'platform_data'
2025-07-07 20:10:55,405 - scraper.white - INFO - Datos guardados en C:\Users\Zolu\Documents\aa-Proyecto CSGO-aa\BOT-VCSGO-BETA-V2\data\white_data.json (23954 items)
2025-07-07 20:10:55,407 - scraper.white - INFO - Scraper completado: 23954 items válidos obtenidos
2025-07-07 20:10:55,407 - scraper.white - INFO - Estadísticas - Requests: 1, Fallos: 0, Items: 23954, Éxito: 100.0%
