2025-07-12 23:45:18,722 - scraper.manncostore - INFO - Usando cache service avanzado de BOT-vCSGO-Beta
2025-07-12 23:45:18,724 - scraper.manncostore - INFO - Profitability engine disponible
2025-07-12 23:45:18,725 - scraper.manncostore - INFO - Scraper manncostore inicializado (habilitado: Sí, proxy: Sí, cache: Sí, API key: No)
2025-07-12 23:45:18,725 - scraper.manncostore - INFO - ManncoStore scraper inicializado
2025-07-12 23:45:18,725 - scraper.manncostore - INFO - Obteniendo datos de MannCo Store...
2025-07-12 23:45:19,378 - scraper.manncostore - INFO - Obtenidos 50 items (total: 50)
2025-07-12 23:45:20,517 - scraper.manncostore - INFO - Obtenidos 50 items (total: 100)
2025-07-12 23:45:21,611 - scraper.manncostore - INFO - Obtenidos 50 items (total: 150)
2025-07-12 23:45:22,674 - scraper.manncostore - INFO - Obtenidos 50 items (total: 200)
2025-07-12 23:45:23,719 - scraper.manncostore - INFO - Obtenidos 50 items (total: 250)
2025-07-12 23:45:24,732 - scraper.manncostore - INFO - Obtenidos 50 items (total: 300)
2025-07-12 23:45:25,893 - scraper.manncostore - INFO - Obtenidos 50 items (total: 350)
2025-07-12 23:45:26,831 - scraper.manncostore - INFO - Obtenidos 50 items (total: 400)
2025-07-12 23:45:27,785 - scraper.manncostore - INFO - Obtenidos 50 items (total: 450)
2025-07-12 23:45:28,897 - scraper.manncostore - INFO - Obtenidos 50 items (total: 500)
2025-07-12 23:45:29,984 - scraper.manncostore - INFO - Obtenidos 50 items (total: 550)
2025-07-12 23:45:31,074 - scraper.manncostore - INFO - Obtenidos 50 items (total: 600)
2025-07-12 23:45:32,041 - scraper.manncostore - INFO - Obtenidos 50 items (total: 650)
2025-07-12 23:45:33,006 - scraper.manncostore - INFO - Obtenidos 50 items (total: 700)
2025-07-12 23:45:34,058 - scraper.manncostore - INFO - Obtenidos 50 items (total: 750)
2025-07-12 23:45:35,142 - scraper.manncostore - INFO - Obtenidos 50 items (total: 800)
2025-07-12 23:45:36,106 - scraper.manncostore - INFO - Obtenidos 50 items (total: 850)
2025-07-12 23:45:37,311 - scraper.manncostore - INFO - Obtenidos 50 items (total: 900)
2025-07-12 23:45:38,434 - scraper.manncostore - INFO - Obtenidos 50 items (total: 950)
2025-07-12 23:45:39,394 - scraper.manncostore - INFO - Obtenidos 50 items (total: 1000)
2025-07-12 23:45:40,470 - scraper.manncostore - INFO - Obtenidos 50 items (total: 1050)
2025-07-12 23:45:41,555 - scraper.manncostore - INFO - Obtenidos 50 items (total: 1100)
2025-07-12 23:45:42,551 - scraper.manncostore - INFO - Obtenidos 50 items (total: 1150)
2025-07-12 23:45:43,665 - scraper.manncostore - INFO - Obtenidos 50 items (total: 1200)
2025-07-12 23:45:44,629 - scraper.manncostore - INFO - Obtenidos 50 items (total: 1250)
2025-07-12 23:45:45,791 - scraper.manncostore - INFO - Obtenidos 50 items (total: 1300)
2025-07-12 23:45:50,163 - scraper.manncostore - INFO - Obtenidos 50 items (total: 1350)
2025-07-12 23:45:51,266 - scraper.manncostore - INFO - Obtenidos 50 items (total: 1400)
2025-07-12 23:45:52,472 - scraper.manncostore - INFO - Obtenidos 50 items (total: 1450)
2025-07-12 23:45:53,440 - scraper.manncostore - INFO - Obtenidos 50 items (total: 1500)
2025-07-12 23:45:54,532 - scraper.manncostore - INFO - Obtenidos 50 items (total: 1550)
2025-07-12 23:45:55,621 - scraper.manncostore - INFO - Obtenidos 50 items (total: 1600)
2025-07-12 23:45:56,631 - scraper.manncostore - INFO - Obtenidos 50 items (total: 1650)
2025-07-12 23:45:57,781 - scraper.manncostore - INFO - Obtenidos 50 items (total: 1700)
2025-07-12 23:45:59,022 - scraper.manncostore - INFO - Obtenidos 50 items (total: 1750)
2025-07-12 23:46:00,044 - scraper.manncostore - INFO - Obtenidos 50 items (total: 1800)
2025-07-12 23:46:01,051 - scraper.manncostore - INFO - Obtenidos 50 items (total: 1850)
2025-07-12 23:46:02,082 - scraper.manncostore - INFO - Obtenidos 50 items (total: 1900)
2025-07-12 23:46:03,027 - scraper.manncostore - INFO - Obtenidos 50 items (total: 1950)
2025-07-12 23:46:04,008 - scraper.manncostore - INFO - Obtenidos 50 items (total: 2000)
2025-07-12 23:46:05,153 - scraper.manncostore - INFO - Obtenidos 50 items (total: 2050)
2025-07-12 23:46:06,169 - scraper.manncostore - INFO - Obtenidos 50 items (total: 2100)
2025-07-12 23:46:07,173 - scraper.manncostore - INFO - Obtenidos 50 items (total: 2150)
2025-07-12 23:46:08,242 - scraper.manncostore - INFO - Obtenidos 50 items (total: 2200)
2025-07-12 23:46:09,240 - scraper.manncostore - INFO - Obtenidos 50 items (total: 2250)
2025-07-12 23:46:10,277 - scraper.manncostore - INFO - Obtenidos 50 items (total: 2300)
2025-07-12 23:46:11,243 - scraper.manncostore - INFO - Obtenidos 50 items (total: 2350)
2025-07-12 23:46:12,214 - scraper.manncostore - INFO - Obtenidos 50 items (total: 2400)
2025-07-12 23:46:13,239 - scraper.manncostore - INFO - Obtenidos 50 items (total: 2450)
2025-07-12 23:46:14,259 - scraper.manncostore - INFO - Obtenidos 50 items (total: 2500)
2025-07-12 23:46:15,293 - scraper.manncostore - INFO - Obtenidos 50 items (total: 2550)
2025-07-12 23:46:16,382 - scraper.manncostore - INFO - Obtenidos 50 items (total: 2600)
2025-07-12 23:46:17,535 - scraper.manncostore - INFO - Obtenidos 50 items (total: 2650)
2025-07-12 23:46:18,561 - scraper.manncostore - INFO - Obtenidos 50 items (total: 2700)
2025-07-12 23:46:19,524 - scraper.manncostore - INFO - Obtenidos 50 items (total: 2750)
2025-07-12 23:46:20,608 - scraper.manncostore - INFO - Obtenidos 50 items (total: 2800)
2025-07-12 23:46:21,603 - scraper.manncostore - INFO - Obtenidos 50 items (total: 2850)
2025-07-12 23:46:22,598 - scraper.manncostore - INFO - Obtenidos 50 items (total: 2900)
2025-07-12 23:46:23,628 - scraper.manncostore - INFO - Obtenidos 50 items (total: 2950)
2025-07-12 23:46:24,598 - scraper.manncostore - INFO - Obtenidos 50 items (total: 3000)
2025-07-12 23:46:25,601 - scraper.manncostore - INFO - Obtenidos 50 items (total: 3050)
2025-07-12 23:46:26,585 - scraper.manncostore - INFO - Obtenidos 50 items (total: 3100)
2025-07-12 23:46:27,587 - scraper.manncostore - INFO - Obtenidos 50 items (total: 3150)
2025-07-12 23:46:28,599 - scraper.manncostore - INFO - Obtenidos 50 items (total: 3200)
2025-07-12 23:46:29,728 - scraper.manncostore - INFO - Obtenidos 50 items (total: 3250)
2025-07-12 23:46:30,750 - scraper.manncostore - INFO - Obtenidos 50 items (total: 3300)
2025-07-12 23:46:31,759 - scraper.manncostore - INFO - Obtenidos 50 items (total: 3350)
2025-07-12 23:46:32,769 - scraper.manncostore - INFO - Obtenidos 50 items (total: 3400)
2025-07-12 23:46:33,919 - scraper.manncostore - INFO - Obtenidos 50 items (total: 3450)
2025-07-12 23:46:35,046 - scraper.manncostore - INFO - Obtenidos 50 items (total: 3500)
2025-07-12 23:46:36,071 - scraper.manncostore - INFO - Obtenidos 50 items (total: 3550)
2025-07-12 23:46:37,153 - scraper.manncostore - INFO - Obtenidos 50 items (total: 3600)
2025-07-12 23:46:38,222 - scraper.manncostore - INFO - Obtenidos 50 items (total: 3650)
2025-07-12 23:46:39,332 - scraper.manncostore - INFO - Obtenidos 50 items (total: 3700)
2025-07-12 23:46:40,283 - scraper.manncostore - INFO - Obtenidos 50 items (total: 3750)
2025-07-12 23:46:41,292 - scraper.manncostore - INFO - Obtenidos 50 items (total: 3800)
2025-07-12 23:46:42,343 - scraper.manncostore - INFO - Obtenidos 50 items (total: 3850)
2025-07-12 23:46:43,347 - scraper.manncostore - INFO - Obtenidos 50 items (total: 3900)
2025-07-12 23:46:44,366 - scraper.manncostore - INFO - Obtenidos 50 items (total: 3950)
2025-07-12 23:46:45,373 - scraper.manncostore - INFO - Obtenidos 50 items (total: 4000)
2025-07-12 23:46:46,339 - scraper.manncostore - INFO - Obtenidos 50 items (total: 4050)
2025-07-12 23:46:47,337 - scraper.manncostore - INFO - Obtenidos 50 items (total: 4100)
2025-07-12 23:46:48,358 - scraper.manncostore - INFO - Obtenidos 50 items (total: 4150)
2025-07-12 23:46:49,333 - scraper.manncostore - INFO - Obtenidos 50 items (total: 4200)
2025-07-12 23:46:50,353 - scraper.manncostore - INFO - Obtenidos 50 items (total: 4250)
2025-07-12 23:46:51,331 - scraper.manncostore - INFO - Obtenidos 50 items (total: 4300)
2025-07-12 23:46:52,319 - scraper.manncostore - INFO - Obtenidos 50 items (total: 4350)
2025-07-12 23:46:53,382 - scraper.manncostore - INFO - Obtenidos 50 items (total: 4400)
2025-07-12 23:46:54,392 - scraper.manncostore - INFO - Obtenidos 50 items (total: 4450)
2025-07-12 23:46:55,353 - scraper.manncostore - INFO - Obtenidos 50 items (total: 4500)
2025-07-12 23:46:56,451 - scraper.manncostore - INFO - Obtenidos 50 items (total: 4550)
2025-07-12 23:46:57,443 - scraper.manncostore - INFO - Obtenidos 50 items (total: 4600)
2025-07-12 23:46:58,252 - scraper.manncostore - INFO - Obtenidos 23 items (total: 4623)
2025-07-12 23:46:59,191 - scraper.manncostore - INFO - Total items obtenidos de MannCo Store: 4623
2025-07-12 23:46:59,222 - scraper.manncostore - INFO - Datos guardados en: C:\Users\Zolu\Documents\aa-Proyecto CSGO-aa\BOT-VCSGO-BETA-V2\data\manncostore_data.json
2025-07-12 23:46:59,223 - scraper.manncostore - INFO - Scraping completado: 4623 items obtenidos y guardados
2025-07-12 23:47:16,728 - scraper.manncostore - INFO - Usando cache service avanzado de BOT-vCSGO-Beta
2025-07-12 23:47:16,732 - scraper.manncostore - INFO - Profitability engine disponible
2025-07-12 23:47:16,734 - scraper.manncostore - INFO - Scraper manncostore inicializado (habilitado: Sí, proxy: Sí, cache: Sí, API key: No)
2025-07-12 23:47:16,734 - scraper.manncostore - INFO - ManncoStore scraper inicializado
2025-07-12 23:47:16,735 - scraper.manncostore - INFO - Obteniendo datos de MannCo Store...
2025-07-12 23:47:17,523 - scraper.manncostore - INFO - Obtenidos 50 items (total: 50)
2025-07-12 23:47:18,685 - scraper.manncostore - INFO - Obtenidos 50 items (total: 100)
2025-07-12 23:50:23,215 - scraper.manncostore - INFO - Usando cache service avanzado de BOT-vCSGO-Beta
2025-07-12 23:50:23,217 - scraper.manncostore - INFO - Profitability engine disponible
2025-07-12 23:50:23,218 - scraper.manncostore - INFO - Scraper manncostore inicializado (habilitado: Sí, proxy: Sí, cache: Sí, API key: No)
2025-07-12 23:50:23,219 - scraper.manncostore - INFO - ManncoStore scraper inicializado
2025-07-12 23:50:23,220 - scraper.manncostore - INFO - Obteniendo datos de MannCo Store...
2025-07-12 23:50:24,087 - scraper.manncostore - INFO - Obtenidos 50 items (total: 50)
2025-07-12 23:50:25,260 - scraper.manncostore - INFO - Obtenidos 50 items (total: 100)
2025-07-12 23:50:26,711 - scraper.manncostore - INFO - Obtenidos 50 items (total: 150)
2025-07-12 23:50:27,922 - scraper.manncostore - INFO - Obtenidos 50 items (total: 200)
2025-07-12 23:50:29,253 - scraper.manncostore - INFO - Obtenidos 50 items (total: 250)
2025-07-12 23:50:30,418 - scraper.manncostore - INFO - Obtenidos 50 items (total: 300)
2025-07-12 23:50:31,596 - scraper.manncostore - INFO - Obtenidos 50 items (total: 350)
2025-07-12 23:50:32,951 - scraper.manncostore - INFO - Obtenidos 50 items (total: 400)
2025-07-12 23:50:34,269 - scraper.manncostore - INFO - Obtenidos 50 items (total: 450)
2025-07-12 23:50:35,520 - scraper.manncostore - INFO - Obtenidos 50 items (total: 500)
2025-07-12 23:50:36,914 - scraper.manncostore - INFO - Obtenidos 50 items (total: 550)
2025-07-12 23:50:38,241 - scraper.manncostore - INFO - Obtenidos 50 items (total: 600)
2025-07-12 23:50:39,452 - scraper.manncostore - INFO - Obtenidos 50 items (total: 650)
2025-07-12 23:50:40,643 - scraper.manncostore - INFO - Obtenidos 50 items (total: 700)
2025-07-12 23:50:41,972 - scraper.manncostore - INFO - Obtenidos 50 items (total: 750)
2025-07-12 23:50:43,292 - scraper.manncostore - INFO - Obtenidos 50 items (total: 800)
2025-07-12 23:50:44,735 - scraper.manncostore - INFO - Obtenidos 50 items (total: 850)
2025-07-12 23:50:45,967 - scraper.manncostore - INFO - Obtenidos 50 items (total: 900)
2025-07-12 23:50:47,295 - scraper.manncostore - INFO - Obtenidos 50 items (total: 950)
2025-07-12 23:50:48,656 - scraper.manncostore - INFO - Obtenidos 50 items (total: 1000)
2025-07-12 23:50:50,267 - scraper.manncostore - INFO - Obtenidos 50 items (total: 1050)
2025-07-12 23:50:51,488 - scraper.manncostore - INFO - Obtenidos 50 items (total: 1100)
2025-07-12 23:50:52,605 - scraper.manncostore - INFO - Obtenidos 50 items (total: 1150)
2025-07-12 23:50:53,668 - scraper.manncostore - INFO - Obtenidos 50 items (total: 1200)
2025-07-12 23:50:54,810 - scraper.manncostore - INFO - Obtenidos 50 items (total: 1250)
2025-07-12 23:50:55,950 - scraper.manncostore - INFO - Obtenidos 50 items (total: 1300)
2025-07-12 23:50:56,966 - scraper.manncostore - INFO - Obtenidos 50 items (total: 1350)
2025-07-12 23:50:58,024 - scraper.manncostore - INFO - Obtenidos 50 items (total: 1400)
2025-07-12 23:50:59,194 - scraper.manncostore - INFO - Obtenidos 50 items (total: 1450)
2025-07-12 23:51:00,282 - scraper.manncostore - INFO - Obtenidos 50 items (total: 1500)
2025-07-12 23:51:01,568 - scraper.manncostore - INFO - Obtenidos 50 items (total: 1550)
2025-07-12 23:51:02,848 - scraper.manncostore - INFO - Obtenidos 50 items (total: 1600)
2025-07-12 23:51:04,094 - scraper.manncostore - INFO - Obtenidos 50 items (total: 1650)
2025-07-12 23:51:05,423 - scraper.manncostore - INFO - Obtenidos 50 items (total: 1700)
2025-07-12 23:51:06,647 - scraper.manncostore - INFO - Obtenidos 50 items (total: 1750)
2025-07-12 23:51:07,760 - scraper.manncostore - INFO - Obtenidos 50 items (total: 1800)
2025-07-12 23:51:08,865 - scraper.manncostore - INFO - Obtenidos 50 items (total: 1850)
2025-07-12 23:51:09,960 - scraper.manncostore - INFO - Obtenidos 50 items (total: 1900)
2025-07-12 23:51:11,117 - scraper.manncostore - INFO - Obtenidos 50 items (total: 1950)
2025-07-12 23:51:12,305 - scraper.manncostore - INFO - Obtenidos 50 items (total: 2000)
2025-07-12 23:51:13,374 - scraper.manncostore - INFO - Obtenidos 50 items (total: 2050)
2025-07-12 23:51:14,568 - scraper.manncostore - INFO - Obtenidos 50 items (total: 2100)
2025-07-12 23:51:15,665 - scraper.manncostore - INFO - Obtenidos 50 items (total: 2150)
2025-07-12 23:51:16,688 - scraper.manncostore - INFO - Obtenidos 50 items (total: 2200)
2025-07-12 23:51:17,742 - scraper.manncostore - INFO - Obtenidos 50 items (total: 2250)
2025-07-12 23:51:18,928 - scraper.manncostore - INFO - Obtenidos 50 items (total: 2300)
2025-07-12 23:51:19,996 - scraper.manncostore - INFO - Obtenidos 50 items (total: 2350)
2025-07-12 23:51:21,068 - scraper.manncostore - INFO - Obtenidos 50 items (total: 2400)
2025-07-12 23:51:22,298 - scraper.manncostore - INFO - Obtenidos 50 items (total: 2450)
2025-07-12 23:51:23,339 - scraper.manncostore - INFO - Obtenidos 50 items (total: 2500)
2025-07-12 23:51:24,379 - scraper.manncostore - INFO - Obtenidos 50 items (total: 2550)
2025-07-12 23:51:25,448 - scraper.manncostore - INFO - Obtenidos 50 items (total: 2600)
2025-07-12 23:51:26,499 - scraper.manncostore - INFO - Obtenidos 50 items (total: 2650)
2025-07-12 23:51:27,531 - scraper.manncostore - INFO - Obtenidos 50 items (total: 2700)
2025-07-12 23:51:28,651 - scraper.manncostore - INFO - Obtenidos 50 items (total: 2750)
2025-07-12 23:51:29,672 - scraper.manncostore - INFO - Obtenidos 50 items (total: 2800)
2025-07-12 23:51:30,793 - scraper.manncostore - INFO - Obtenidos 50 items (total: 2850)
2025-07-12 23:51:31,817 - scraper.manncostore - INFO - Obtenidos 50 items (total: 2900)
2025-07-12 23:51:32,852 - scraper.manncostore - INFO - Obtenidos 50 items (total: 2950)
2025-07-12 23:51:33,896 - scraper.manncostore - INFO - Obtenidos 50 items (total: 3000)
2025-07-12 23:51:34,995 - scraper.manncostore - INFO - Obtenidos 50 items (total: 3050)
2025-07-12 23:51:36,164 - scraper.manncostore - INFO - Obtenidos 50 items (total: 3100)
2025-07-12 23:51:37,289 - scraper.manncostore - INFO - Obtenidos 50 items (total: 3150)
2025-07-12 23:51:38,408 - scraper.manncostore - INFO - Obtenidos 50 items (total: 3200)
2025-07-12 23:51:39,502 - scraper.manncostore - INFO - Obtenidos 50 items (total: 3250)
2025-07-12 23:51:40,629 - scraper.manncostore - INFO - Obtenidos 50 items (total: 3300)
2025-07-12 23:51:41,664 - scraper.manncostore - INFO - Obtenidos 50 items (total: 3350)
2025-07-12 23:51:42,687 - scraper.manncostore - INFO - Obtenidos 50 items (total: 3400)
2025-07-12 23:51:43,809 - scraper.manncostore - INFO - Obtenidos 50 items (total: 3450)
2025-07-12 23:51:44,890 - scraper.manncostore - INFO - Obtenidos 50 items (total: 3500)
2025-07-12 23:51:46,123 - scraper.manncostore - INFO - Obtenidos 50 items (total: 3550)
2025-07-12 23:51:47,364 - scraper.manncostore - INFO - Obtenidos 50 items (total: 3600)
2025-07-12 23:51:48,539 - scraper.manncostore - INFO - Obtenidos 50 items (total: 3650)
2025-07-12 23:51:49,590 - scraper.manncostore - INFO - Obtenidos 50 items (total: 3700)
2025-07-12 23:51:50,616 - scraper.manncostore - INFO - Obtenidos 50 items (total: 3750)
2025-07-12 23:51:51,991 - scraper.manncostore - INFO - Obtenidos 50 items (total: 3800)
2025-07-12 23:51:53,128 - scraper.manncostore - INFO - Obtenidos 50 items (total: 3850)
2025-07-12 23:51:54,247 - scraper.manncostore - INFO - Obtenidos 50 items (total: 3900)
2025-07-12 23:51:55,303 - scraper.manncostore - INFO - Obtenidos 50 items (total: 3950)
2025-07-12 23:51:56,343 - scraper.manncostore - INFO - Obtenidos 50 items (total: 4000)
2025-07-12 23:51:57,563 - scraper.manncostore - INFO - Obtenidos 50 items (total: 4050)
2025-07-12 23:51:58,600 - scraper.manncostore - INFO - Obtenidos 50 items (total: 4100)
2025-07-12 23:52:02,850 - scraper.manncostore - INFO - Obtenidos 50 items (total: 4150)
2025-07-12 23:52:04,246 - scraper.manncostore - INFO - Obtenidos 50 items (total: 4200)
2025-07-12 23:52:05,329 - scraper.manncostore - INFO - Obtenidos 50 items (total: 4250)
2025-07-12 23:52:06,372 - scraper.manncostore - INFO - Obtenidos 50 items (total: 4300)
2025-07-12 23:52:07,395 - scraper.manncostore - INFO - Obtenidos 50 items (total: 4350)
2025-07-12 23:52:08,544 - scraper.manncostore - INFO - Obtenidos 50 items (total: 4400)
2025-07-12 23:52:09,623 - scraper.manncostore - INFO - Obtenidos 50 items (total: 4450)
2025-07-12 23:52:10,701 - scraper.manncostore - INFO - Obtenidos 50 items (total: 4500)
2025-07-12 23:52:11,756 - scraper.manncostore - INFO - Obtenidos 50 items (total: 4550)
2025-07-12 23:52:12,769 - scraper.manncostore - INFO - Obtenidos 50 items (total: 4600)
2025-07-12 23:52:13,627 - scraper.manncostore - INFO - Obtenidos 23 items (total: 4623)
2025-07-12 23:52:14,565 - scraper.manncostore - INFO - Total items obtenidos de MannCo Store: 4623
2025-07-12 23:52:14,599 - scraper.manncostore - INFO - Datos guardados en: /mnt/c/Users/Zolu/Documents/aa-Proyecto CSGO-aa/BOT-VCSGO-BETA-V2/data/manncostore_data.json
2025-07-12 23:52:14,600 - scraper.manncostore - INFO - Scraping completado: 4623 items obtenidos y guardados
2025-07-13 00:01:32,685 - scraper.manncostore - INFO - Usando cache service avanzado de BOT-vCSGO-Beta
2025-07-13 00:01:32,688 - scraper.manncostore - INFO - Profitability engine disponible
2025-07-13 00:01:32,689 - scraper.manncostore - INFO - Scraper manncostore inicializado (habilitado: Sí, proxy: Sí, cache: Sí, API key: No)
2025-07-13 00:01:32,690 - scraper.manncostore - INFO - ManncoStore scraper inicializado
2025-07-13 00:01:32,690 - scraper.manncostore - INFO - Obteniendo datos de MannCo Store...
2025-07-13 00:01:33,639 - scraper.manncostore - INFO - Obtenidos 50 items (total: 50)
2025-07-13 00:01:34,856 - scraper.manncostore - INFO - Obtenidos 50 items (total: 100)
2025-07-13 00:01:36,045 - scraper.manncostore - INFO - Obtenidos 50 items (total: 150)
2025-07-13 00:01:37,465 - scraper.manncostore - INFO - Obtenidos 50 items (total: 200)
2025-07-13 00:01:38,630 - scraper.manncostore - INFO - Obtenidos 50 items (total: 250)
2025-07-13 00:01:40,134 - scraper.manncostore - INFO - Obtenidos 50 items (total: 300)
2025-07-13 00:01:41,421 - scraper.manncostore - INFO - Obtenidos 50 items (total: 350)
2025-07-13 00:01:42,600 - scraper.manncostore - INFO - Obtenidos 50 items (total: 400)
2025-07-13 00:01:43,910 - scraper.manncostore - INFO - Obtenidos 50 items (total: 450)
2025-07-13 00:01:44,989 - scraper.manncostore - INFO - Obtenidos 50 items (total: 500)
2025-07-13 00:01:49,033 - scraper.manncostore - INFO - Obtenidos 50 items (total: 550)
2025-07-13 00:01:50,255 - scraper.manncostore - INFO - Obtenidos 50 items (total: 600)
2025-07-13 00:01:51,389 - scraper.manncostore - INFO - Obtenidos 50 items (total: 650)
2025-07-13 00:01:52,411 - scraper.manncostore - INFO - Obtenidos 50 items (total: 700)
2025-07-13 00:01:53,395 - scraper.manncostore - INFO - Obtenidos 50 items (total: 750)
2025-07-13 00:01:54,534 - scraper.manncostore - INFO - Obtenidos 50 items (total: 800)
2025-07-13 00:01:55,743 - scraper.manncostore - INFO - Obtenidos 50 items (total: 850)
2025-07-13 00:01:56,792 - scraper.manncostore - INFO - Obtenidos 50 items (total: 900)
2025-07-13 00:01:58,169 - scraper.manncostore - INFO - Obtenidos 50 items (total: 950)
2025-07-13 00:01:59,372 - scraper.manncostore - INFO - Obtenidos 50 items (total: 1000)
2025-07-13 00:02:00,399 - scraper.manncostore - INFO - Obtenidos 50 items (total: 1050)
2025-07-13 00:02:01,820 - scraper.manncostore - INFO - Obtenidos 50 items (total: 1100)
2025-07-13 00:03:14,572 - scraper.manncostore - INFO - Usando cache service avanzado de BOT-vCSGO-Beta
2025-07-13 00:03:14,577 - scraper.manncostore - INFO - Profitability engine disponible
2025-07-13 00:03:14,578 - scraper.manncostore - INFO - Scraper manncostore inicializado (habilitado: Sí, proxy: Sí, cache: Sí, API key: No)
2025-07-13 00:03:14,579 - scraper.manncostore - INFO - ManncoStore scraper inicializado
2025-07-13 00:03:14,579 - scraper.manncostore - INFO - Obteniendo datos de MannCo Store...
2025-07-13 00:03:15,384 - scraper.manncostore - INFO - Obtenidos 50 items (total: 50)
2025-07-13 00:03:16,758 - scraper.manncostore - INFO - Obtenidos 50 items (total: 100)
2025-07-13 00:03:17,881 - scraper.manncostore - INFO - Obtenidos 50 items (total: 150)
2025-07-13 00:03:19,150 - scraper.manncostore - INFO - Obtenidos 50 items (total: 200)
2025-07-13 00:03:20,405 - scraper.manncostore - INFO - Obtenidos 50 items (total: 250)
2025-07-13 00:03:21,594 - scraper.manncostore - INFO - Obtenidos 50 items (total: 300)
2025-07-13 00:03:22,696 - scraper.manncostore - INFO - Obtenidos 50 items (total: 350)
2025-07-13 00:03:23,850 - scraper.manncostore - INFO - Obtenidos 50 items (total: 400)
2025-07-13 00:30:06,526 - scraper.manncostore - INFO - Usando cache service avanzado de BOT-vCSGO-Beta
2025-07-13 00:30:06,529 - scraper.manncostore - INFO - Profitability engine disponible
2025-07-13 00:30:06,530 - scraper.manncostore - INFO - Scraper manncostore inicializado (habilitado: Sí, proxy: Sí, cache: Sí, API key: No)
2025-07-13 00:30:06,530 - scraper.manncostore - INFO - ManncoStore scraper inicializado
2025-07-13 00:30:06,531 - scraper.manncostore - INFO - Obteniendo datos de MannCo Store...
2025-07-13 00:30:07,332 - scraper.manncostore - INFO - Obtenidos 50 items (total: 50)
2025-07-13 00:30:08,445 - scraper.manncostore - INFO - Obtenidos 50 items (total: 100)
2025-07-13 00:30:09,685 - scraper.manncostore - INFO - Obtenidos 50 items (total: 150)
2025-07-13 00:30:10,904 - scraper.manncostore - INFO - Obtenidos 50 items (total: 200)
2025-07-13 00:30:12,248 - scraper.manncostore - INFO - Obtenidos 50 items (total: 250)
2025-07-13 00:30:13,365 - scraper.manncostore - INFO - Obtenidos 50 items (total: 300)
2025-07-13 00:30:14,534 - scraper.manncostore - INFO - Obtenidos 50 items (total: 350)
2025-07-13 00:30:15,786 - scraper.manncostore - INFO - Obtenidos 50 items (total: 400)
2025-07-13 00:30:16,840 - scraper.manncostore - INFO - Obtenidos 50 items (total: 450)
2025-07-13 00:30:18,065 - scraper.manncostore - INFO - Obtenidos 50 items (total: 500)
2025-07-13 00:30:19,340 - scraper.manncostore - INFO - Obtenidos 50 items (total: 550)
2025-07-13 00:30:20,569 - scraper.manncostore - INFO - Obtenidos 50 items (total: 600)
2025-07-13 00:30:21,712 - scraper.manncostore - INFO - Obtenidos 50 items (total: 650)
2025-07-13 00:30:22,906 - scraper.manncostore - INFO - Obtenidos 50 items (total: 700)
2025-07-13 00:30:23,941 - scraper.manncostore - INFO - Obtenidos 50 items (total: 750)
2025-07-13 00:30:25,079 - scraper.manncostore - INFO - Obtenidos 50 items (total: 800)
2025-07-13 00:30:26,101 - scraper.manncostore - INFO - Obtenidos 50 items (total: 850)
2025-07-13 00:31:42,782 - scraper.manncostore - INFO - Usando cache service avanzado de BOT-vCSGO-Beta
2025-07-13 00:31:42,785 - scraper.manncostore - INFO - Profitability engine disponible
2025-07-13 00:31:42,786 - scraper.manncostore - INFO - Scraper manncostore inicializado (habilitado: Sí, proxy: Sí, cache: Sí, API key: No)
2025-07-13 00:31:42,787 - scraper.manncostore - INFO - ManncoStore scraper inicializado
2025-07-13 09:25:16,235 - scraper.manncostore - INFO - Usando cache service avanzado de BOT-vCSGO-Beta
2025-07-13 09:25:16,238 - scraper.manncostore - INFO - Profitability engine disponible
2025-07-13 09:25:16,240 - scraper.manncostore - INFO - Scraper manncostore inicializado (habilitado: Sí, proxy: Sí, cache: Sí, API key: No)
2025-07-13 09:25:16,241 - scraper.manncostore - INFO - ManncoStore scraper inicializado
2025-07-13 09:25:16,241 - scraper.manncostore - INFO - Obteniendo datos de MannCo Store...
2025-07-13 09:25:17,445 - scraper.manncostore - INFO - Obtenidos 50 items (total: 50)
2025-07-13 09:25:18,664 - scraper.manncostore - INFO - Obtenidos 50 items (total: 100)
2025-07-13 09:25:20,103 - scraper.manncostore - INFO - Obtenidos 50 items (total: 150)
2025-07-13 09:25:21,457 - scraper.manncostore - INFO - Obtenidos 50 items (total: 200)
2025-07-13 09:25:22,639 - scraper.manncostore - INFO - Obtenidos 50 items (total: 250)
2025-07-13 09:25:23,841 - scraper.manncostore - INFO - Obtenidos 50 items (total: 300)
2025-07-13 09:25:25,303 - scraper.manncostore - INFO - Obtenidos 50 items (total: 350)
2025-07-13 09:25:26,494 - scraper.manncostore - INFO - Obtenidos 50 items (total: 400)
2025-07-13 09:25:27,706 - scraper.manncostore - INFO - Obtenidos 50 items (total: 450)
2025-07-13 09:25:29,154 - scraper.manncostore - INFO - Obtenidos 50 items (total: 500)
2025-07-13 09:25:30,332 - scraper.manncostore - INFO - Obtenidos 50 items (total: 550)
2025-07-13 09:25:31,588 - scraper.manncostore - INFO - Obtenidos 50 items (total: 600)
2025-07-13 09:25:32,832 - scraper.manncostore - INFO - Obtenidos 50 items (total: 650)
2025-07-13 09:25:34,067 - scraper.manncostore - INFO - Obtenidos 50 items (total: 700)
2025-07-13 09:25:35,288 - scraper.manncostore - INFO - Obtenidos 50 items (total: 750)
2025-07-13 09:25:36,521 - scraper.manncostore - INFO - Obtenidos 50 items (total: 800)
2025-07-13 09:25:37,704 - scraper.manncostore - INFO - Obtenidos 50 items (total: 850)
2025-07-13 09:25:38,907 - scraper.manncostore - INFO - Obtenidos 50 items (total: 900)
2025-07-13 09:25:40,190 - scraper.manncostore - INFO - Obtenidos 50 items (total: 950)
2025-07-13 09:25:41,491 - scraper.manncostore - INFO - Obtenidos 50 items (total: 1000)
2025-07-13 09:25:42,754 - scraper.manncostore - INFO - Obtenidos 50 items (total: 1050)
2025-07-13 09:25:43,967 - scraper.manncostore - INFO - Obtenidos 50 items (total: 1100)
2025-07-13 09:25:48,204 - scraper.manncostore - INFO - Obtenidos 50 items (total: 1150)
2025-07-13 09:25:49,554 - scraper.manncostore - INFO - Obtenidos 50 items (total: 1200)
2025-07-13 09:25:50,854 - scraper.manncostore - INFO - Obtenidos 50 items (total: 1250)
2025-07-13 09:25:52,148 - scraper.manncostore - INFO - Obtenidos 50 items (total: 1300)
2025-07-13 09:25:53,370 - scraper.manncostore - INFO - Obtenidos 50 items (total: 1350)
2025-07-13 09:25:54,681 - scraper.manncostore - INFO - Obtenidos 50 items (total: 1400)
2025-07-13 09:25:55,900 - scraper.manncostore - INFO - Obtenidos 50 items (total: 1450)
2025-07-13 09:25:57,194 - scraper.manncostore - INFO - Obtenidos 50 items (total: 1500)
2025-07-13 09:25:58,427 - scraper.manncostore - INFO - Obtenidos 50 items (total: 1550)
2025-07-13 09:25:59,721 - scraper.manncostore - INFO - Obtenidos 50 items (total: 1600)
2025-07-13 09:26:00,947 - scraper.manncostore - INFO - Obtenidos 50 items (total: 1650)
2025-07-13 09:26:02,132 - scraper.manncostore - INFO - Obtenidos 50 items (total: 1700)
2025-07-13 09:26:03,412 - scraper.manncostore - INFO - Obtenidos 50 items (total: 1750)
2025-07-13 09:26:04,709 - scraper.manncostore - INFO - Obtenidos 50 items (total: 1800)
2025-07-13 09:26:05,957 - scraper.manncostore - INFO - Obtenidos 50 items (total: 1850)
2025-07-13 09:26:07,195 - scraper.manncostore - INFO - Obtenidos 50 items (total: 1900)
2025-07-13 09:26:08,402 - scraper.manncostore - INFO - Obtenidos 50 items (total: 1950)
2025-07-13 09:26:09,696 - scraper.manncostore - INFO - Obtenidos 50 items (total: 2000)
2025-07-13 09:26:10,973 - scraper.manncostore - INFO - Obtenidos 50 items (total: 2050)
2025-07-13 09:26:12,162 - scraper.manncostore - INFO - Obtenidos 50 items (total: 2100)
2025-07-13 09:26:13,342 - scraper.manncostore - INFO - Obtenidos 50 items (total: 2150)
2025-07-13 09:26:14,642 - scraper.manncostore - INFO - Obtenidos 50 items (total: 2200)
2025-07-13 09:26:15,837 - scraper.manncostore - INFO - Obtenidos 50 items (total: 2250)
2025-07-13 09:26:17,125 - scraper.manncostore - INFO - Obtenidos 50 items (total: 2300)
2025-07-13 09:26:18,471 - scraper.manncostore - INFO - Obtenidos 50 items (total: 2350)
2025-07-13 09:26:19,743 - scraper.manncostore - INFO - Obtenidos 50 items (total: 2400)
2025-07-13 09:26:20,924 - scraper.manncostore - INFO - Obtenidos 50 items (total: 2450)
2025-07-13 09:26:22,202 - scraper.manncostore - INFO - Obtenidos 50 items (total: 2500)
2025-07-13 09:26:23,476 - scraper.manncostore - INFO - Obtenidos 50 items (total: 2550)
2025-07-13 09:26:24,797 - scraper.manncostore - INFO - Obtenidos 50 items (total: 2600)
2025-07-13 09:26:25,980 - scraper.manncostore - INFO - Obtenidos 50 items (total: 2650)
2025-07-13 09:26:27,184 - scraper.manncostore - INFO - Obtenidos 50 items (total: 2700)
2025-07-13 09:26:28,394 - scraper.manncostore - INFO - Obtenidos 50 items (total: 2750)
2025-07-13 09:26:29,739 - scraper.manncostore - INFO - Obtenidos 50 items (total: 2800)
2025-07-13 09:26:30,955 - scraper.manncostore - INFO - Obtenidos 50 items (total: 2850)
2025-07-13 09:26:32,147 - scraper.manncostore - INFO - Obtenidos 50 items (total: 2900)
2025-07-13 09:26:33,310 - scraper.manncostore - INFO - Obtenidos 50 items (total: 2950)
2025-07-13 09:26:34,567 - scraper.manncostore - INFO - Obtenidos 50 items (total: 3000)
2025-07-13 09:26:35,774 - scraper.manncostore - INFO - Obtenidos 50 items (total: 3050)
2025-07-13 09:26:37,023 - scraper.manncostore - INFO - Obtenidos 50 items (total: 3100)
2025-07-13 09:26:38,273 - scraper.manncostore - INFO - Obtenidos 50 items (total: 3150)
2025-07-13 09:26:40,670 - scraper.manncostore - INFO - Obtenidos 50 items (total: 3200)
2025-07-13 09:26:41,870 - scraper.manncostore - INFO - Obtenidos 50 items (total: 3250)
2025-07-13 09:26:43,270 - scraper.manncostore - INFO - Obtenidos 50 items (total: 3300)
2025-07-13 09:26:44,513 - scraper.manncostore - INFO - Obtenidos 50 items (total: 3350)
2025-07-13 09:26:45,826 - scraper.manncostore - INFO - Obtenidos 50 items (total: 3400)
2025-07-13 09:26:47,036 - scraper.manncostore - INFO - Obtenidos 50 items (total: 3450)
2025-07-13 09:26:48,231 - scraper.manncostore - INFO - Obtenidos 50 items (total: 3500)
2025-07-13 09:26:49,441 - scraper.manncostore - INFO - Obtenidos 50 items (total: 3550)
2025-07-13 09:26:50,641 - scraper.manncostore - INFO - Obtenidos 50 items (total: 3600)
2025-07-13 09:26:51,961 - scraper.manncostore - INFO - Obtenidos 50 items (total: 3650)
2025-07-13 09:26:53,131 - scraper.manncostore - INFO - Obtenidos 50 items (total: 3700)
2025-07-13 09:26:54,360 - scraper.manncostore - INFO - Obtenidos 50 items (total: 3750)
2025-07-13 09:26:55,542 - scraper.manncostore - INFO - Obtenidos 50 items (total: 3800)
2025-07-13 09:26:56,714 - scraper.manncostore - INFO - Obtenidos 50 items (total: 3850)
2025-07-13 09:27:01,093 - scraper.manncostore - INFO - Obtenidos 50 items (total: 3900)
2025-07-13 09:27:02,430 - scraper.manncostore - INFO - Obtenidos 50 items (total: 3950)
2025-07-13 09:27:03,656 - scraper.manncostore - INFO - Obtenidos 50 items (total: 4000)
2025-07-13 09:27:04,836 - scraper.manncostore - INFO - Obtenidos 50 items (total: 4050)
2025-07-13 09:27:06,187 - scraper.manncostore - INFO - Obtenidos 50 items (total: 4100)
2025-07-13 09:27:07,612 - scraper.manncostore - INFO - Obtenidos 50 items (total: 4150)
2025-07-13 09:27:08,869 - scraper.manncostore - INFO - Obtenidos 50 items (total: 4200)
2025-07-13 09:27:10,044 - scraper.manncostore - INFO - Obtenidos 50 items (total: 4250)
2025-07-13 09:27:11,299 - scraper.manncostore - INFO - Obtenidos 50 items (total: 4300)
2025-07-13 09:27:12,496 - scraper.manncostore - INFO - Obtenidos 50 items (total: 4350)
2025-07-13 09:27:13,907 - scraper.manncostore - INFO - Obtenidos 50 items (total: 4400)
2025-07-13 09:27:15,108 - scraper.manncostore - INFO - Obtenidos 50 items (total: 4450)
