2025-06-28 22:02:49,511 - scraper.steam_names - INFO - Scraper steam_names inicializado (habilitado: Sí, proxy: No, cache: Sí, API key: No)
2025-06-28 22:02:49,512 - scraper.steam_names - INFO - Steam Names scraper inicializado (max páginas: 100)
2025-06-28 22:02:49,512 - scraper.steam_names - INFO - Iniciando scraper steam_names
2025-06-28 22:02:49,513 - scraper.steam_names - INFO - Iniciando scraping de Steam Names...
2025-06-28 22:02:49,513 - scraper.steam_names - INFO - Obteniendo página 1 (start=0) de Steam Names...
2025-06-28 22:02:50,162 - scraper.steam_names - INFO - Página 1: 10 nombres únicos obtenidos (10 totales)
2025-06-28 22:02:50,165 - scraper.steam_names - INFO - Obteniendo página 2 (start=100) de Steam Names...
2025-06-28 22:02:51,799 - scraper.steam_names - INFO - Página 2: 10 nombres únicos obtenidos (10 totales)
2025-06-28 22:02:51,801 - scraper.steam_names - INFO - Obteniendo página 3 (start=200) de Steam Names...
2025-06-28 22:02:53,858 - scraper.steam_names - INFO - Página 3: 10 nombres únicos obtenidos (10 totales)
2025-06-28 22:02:53,860 - scraper.steam_names - INFO - Steam Names scraping completado: 30 nombres únicos en 3 páginas
2025-06-28 22:02:53,862 - scraper.steam_names - INFO - Tipos encontrados: {'Base Grade Container': 15, 'Classified Shotgun': 1, 'Mil-Spec Grade Rifle': 1, 'Restricted Rifle': 1, 'Classified Pistol': 1}
2025-06-28 22:02:53,862 - scraper.steam_names - WARNING - Item inválido, falta campo Item: {'name': 'Spectrum 2 Case', 'original_name': 'Spectrum 2 Case', 'Platform': 'Steam Names', 'Timestamp': '2025-06-28 22:02:50', 'type': 'Base Grade Container', 'market_hash_name': 'Spectrum 2 Case'}
2025-06-28 22:02:53,863 - scraper.steam_names - WARNING - Item inválido, falta campo Item: {'name': 'Prisma 2 Case', 'original_name': 'Prisma 2 Case', 'Platform': 'Steam Names', 'Timestamp': '2025-06-28 22:02:50', 'type': 'Base Grade Container', 'market_hash_name': 'Prisma 2 Case'}
2025-06-28 22:02:53,863 - scraper.steam_names - WARNING - Item inválido, falta campo Item: {'name': 'Gamma 2 Case', 'original_name': 'Gamma 2 Case', 'Platform': 'Steam Names', 'Timestamp': '2025-06-28 22:02:50', 'type': 'Base Grade Container', 'market_hash_name': 'Gamma 2 Case'}
2025-06-28 22:02:53,864 - scraper.steam_names - WARNING - Item inválido, falta campo Item: {'name': 'Fracture Case', 'original_name': 'Fracture Case', 'Platform': 'Steam Names', 'Timestamp': '2025-06-28 22:02:50', 'type': 'Base Grade Container', 'market_hash_name': 'Fracture Case'}
2025-06-28 22:02:53,864 - scraper.steam_names - WARNING - Item inválido, falta campo Item: {'name': 'Dreams & Nightmares Case', 'original_name': 'Dreams & Nightmares Case', 'Platform': 'Steam Names', 'Timestamp': '2025-06-28 22:02:50', 'type': 'Base Grade Container', 'market_hash_name': 'Dreams & Nightmares Case'}
2025-06-28 22:02:53,866 - scraper.steam_names - WARNING - Item inválido, falta campo Item: {'name': 'Recoil Case', 'original_name': 'Recoil Case', 'Platform': 'Steam Names', 'Timestamp': '2025-06-28 22:02:50', 'type': 'Base Grade Container', 'market_hash_name': 'Recoil Case'}
2025-06-28 22:02:53,866 - scraper.steam_names - WARNING - Item inválido, falta campo Item: {'name': 'Revolution Case', 'original_name': 'Revolution Case', 'Platform': 'Steam Names', 'Timestamp': '2025-06-28 22:02:50', 'type': 'Base Grade Container', 'market_hash_name': 'Revolution Case'}
2025-06-28 22:02:53,867 - scraper.steam_names - WARNING - Item inválido, falta campo Item: {'name': 'Kilowatt Case', 'original_name': 'Kilowatt Case', 'Platform': 'Steam Names', 'Timestamp': '2025-06-28 22:02:50', 'type': 'Base Grade Container', 'market_hash_name': 'Kilowatt Case'}
2025-06-28 22:02:53,867 - scraper.steam_names - WARNING - Item inválido, falta campo Item: {'name': 'Fever Case', 'original_name': 'Fever Case', 'Platform': 'Steam Names', 'Timestamp': '2025-06-28 22:02:50', 'type': 'Base Grade Container', 'market_hash_name': 'Fever Case'}
2025-06-28 22:02:53,868 - scraper.steam_names - WARNING - Item inválido, falta campo Item: {'name': 'Danger Zone Case', 'original_name': 'Danger Zone Case', 'Platform': 'Steam Names', 'Timestamp': '2025-06-28 22:02:50', 'type': 'Base Grade Container', 'market_hash_name': 'Danger Zone Case'}
2025-06-28 22:02:53,869 - scraper.steam_names - WARNING - Item inválido, falta campo Item: {'name': 'Paris 2023 Mirage Souvenir Package', 'original_name': 'Paris 2023 Mirage Souvenir Package', 'Platform': 'Steam Names', 'Timestamp': '2025-06-28 22:02:51', 'type': 'Base Grade Container', 'market_hash_name': 'Paris 2023 Mirage Souvenir Package'}
2025-06-28 22:02:53,869 - scraper.steam_names - WARNING - Item inválido, falta campo Item: {'name': 'Paris 2023 Anubis Souvenir Package', 'original_name': 'Paris 2023 Anubis Souvenir Package', 'Platform': 'Steam Names', 'Timestamp': '2025-06-28 22:02:51', 'type': 'Base Grade Container', 'market_hash_name': 'Paris 2023 Anubis Souvenir Package'}
2025-06-28 22:02:53,870 - scraper.steam_names - WARNING - Item inválido, falta campo Item: {'name': 'XM1014 | Entombed (Field-Tested)', 'original_name': 'XM1014 | Entombed (Field-Tested)', 'Platform': 'Steam Names', 'Timestamp': '2025-06-28 22:02:51', 'type': 'Classified Shotgun', 'market_hash_name': 'XM1014 | Entombed (Field-Tested)'}
2025-06-28 22:02:53,870 - scraper.steam_names - WARNING - Item inválido, falta campo Item: {'name': 'AK-47 | Elite Build (Field-Tested)', 'original_name': 'AK-47 | Elite Build (Field-Tested)', 'Platform': 'Steam Names', 'Timestamp': '2025-06-28 22:02:51', 'type': 'Mil-Spec Grade Rifle', 'market_hash_name': 'AK-47 | Elite Build (Field-Tested)'}
2025-06-28 22:02:53,870 - scraper.steam_names - WARNING - Item inválido, falta campo Item: {'name': 'AK-47 | Slate (Well-Worn)', 'original_name': 'AK-47 | Slate (Well-Worn)', 'Platform': 'Steam Names', 'Timestamp': '2025-06-28 22:02:51', 'type': 'Restricted Rifle', 'market_hash_name': 'AK-47 | Slate (Well-Worn)'}
2025-06-28 22:02:53,871 - scraper.steam_names - WARNING - Item inválido, falta campo Item: {'name': 'USP-S | Jawbreaker (Field-Tested)', 'original_name': 'USP-S | Jawbreaker (Field-Tested)', 'Platform': 'Steam Names', 'Timestamp': '2025-06-28 22:02:51', 'type': 'Classified Pistol', 'market_hash_name': 'USP-S | Jawbreaker (Field-Tested)'}
2025-06-28 22:02:53,871 - scraper.steam_names - WARNING - Item inválido, falta campo Item: {'name': 'M4A4 | Desolate Space (Field-Tested)', 'original_name': 'M4A4 | Desolate Space (Field-Tested)', 'Platform': 'Steam Names', 'Timestamp': '2025-06-28 22:02:51', 'type': 'Classified Rifle', 'market_hash_name': 'M4A4 | Desolate Space (Field-Tested)'}
2025-06-28 22:02:53,872 - scraper.steam_names - WARNING - Item inválido, falta campo Item: {'name': 'Slingshot | Phoenix', 'original_name': 'Slingshot | Phoenix', 'Platform': 'Steam Names', 'Timestamp': '2025-06-28 22:02:51', 'type': 'Exceptional Agent', 'market_hash_name': 'Slingshot | Phoenix'}
2025-06-28 22:02:53,872 - scraper.steam_names - WARNING - Item inválido, falta campo Item: {'name': 'XM1014 | Gum Wall Camo (Field-Tested)', 'original_name': 'XM1014 | Gum Wall Camo (Field-Tested)', 'Platform': 'Steam Names', 'Timestamp': '2025-06-28 22:02:51', 'type': 'Industrial Grade Shotgun', 'market_hash_name': 'XM1014 | Gum Wall Camo (Field-Tested)'}
2025-06-28 22:02:53,873 - scraper.steam_names - WARNING - Item inválido, falta campo Item: {'name': '2020 RMR Legends', 'original_name': '2020 RMR Legends', 'Platform': 'Steam Names', 'Timestamp': '2025-06-28 22:02:51', 'type': 'Base Grade Container', 'market_hash_name': '2020 RMR Legends'}
2025-06-28 22:02:53,873 - scraper.steam_names - WARNING - Item inválido, falta campo Item: {'name': 'P250 | Metallic DDPAT (Factory New)', 'original_name': 'P250 | Metallic DDPAT (Factory New)', 'Platform': 'Steam Names', 'Timestamp': '2025-06-28 22:02:53', 'type': 'Industrial Grade Pistol', 'market_hash_name': 'P250 | Metallic DDPAT (Factory New)'}
2025-06-28 22:02:53,874 - scraper.steam_names - WARNING - Item inválido, falta campo Item: {'name': 'MAC-10 | Candy Apple (Factory New)', 'original_name': 'MAC-10 | Candy Apple (Factory New)', 'Platform': 'Steam Names', 'Timestamp': '2025-06-28 22:02:53', 'type': 'Industrial Grade SMG', 'market_hash_name': 'MAC-10 | Candy Apple (Factory New)'}
2025-06-28 22:02:53,874 - scraper.steam_names - WARNING - Item inválido, falta campo Item: {'name': 'MP7 | Abyssal Apparition (Battle-Scarred)', 'original_name': 'MP7 | Abyssal Apparition (Battle-Scarred)', 'Platform': 'Steam Names', 'Timestamp': '2025-06-28 22:02:53', 'type': 'Classified SMG', 'market_hash_name': 'MP7 | Abyssal Apparition (Battle-Scarred)'}
2025-06-28 22:02:53,875 - scraper.steam_names - WARNING - Item inválido, falta campo Item: {'name': 'AK-47 | Legion of Anubis (Minimal Wear)', 'original_name': 'AK-47 | Legion of Anubis (Minimal Wear)', 'Platform': 'Steam Names', 'Timestamp': '2025-06-28 22:02:53', 'type': 'Covert Rifle', 'market_hash_name': 'AK-47 | Legion of Anubis (Minimal Wear)'}
2025-06-28 22:02:53,875 - scraper.steam_names - WARNING - Item inválido, falta campo Item: {'name': 'Negev | Sour Grapes (Field-Tested)', 'original_name': 'Negev | Sour Grapes (Field-Tested)', 'Platform': 'Steam Names', 'Timestamp': '2025-06-28 22:02:53', 'type': 'Industrial Grade Machinegun', 'market_hash_name': 'Negev | Sour Grapes (Field-Tested)'}
2025-06-28 22:02:53,876 - scraper.steam_names - WARNING - Item inválido, falta campo Item: {'name': 'Galil AR | Acid Dart (Field-Tested)', 'original_name': 'Galil AR | Acid Dart (Field-Tested)', 'Platform': 'Steam Names', 'Timestamp': '2025-06-28 22:02:53', 'type': 'Industrial Grade Rifle', 'market_hash_name': 'Galil AR | Acid Dart (Field-Tested)'}
2025-06-28 22:02:53,877 - scraper.steam_names - WARNING - Item inválido, falta campo Item: {'name': 'USP-S | Cyrex (Factory New)', 'original_name': 'USP-S | Cyrex (Factory New)', 'Platform': 'Steam Names', 'Timestamp': '2025-06-28 22:02:53', 'type': 'Restricted Pistol', 'market_hash_name': 'USP-S | Cyrex (Factory New)'}
2025-06-28 22:02:53,877 - scraper.steam_names - WARNING - Item inválido, falta campo Item: {'name': "'Two Times' McCoy | TACP Cavalry", 'original_name': "'Two Times' McCoy | TACP Cavalry", 'Platform': 'Steam Names', 'Timestamp': '2025-06-28 22:02:53', 'type': 'Superior Agent', 'market_hash_name': "'Two Times' McCoy | TACP Cavalry"}
2025-06-28 22:02:53,878 - scraper.steam_names - WARNING - Item inválido, falta campo Item: {'name': 'Community Sticker Capsule 1', 'original_name': 'Community Sticker Capsule 1', 'Platform': 'Steam Names', 'Timestamp': '2025-06-28 22:02:53', 'type': 'Base Grade Container', 'market_hash_name': 'Community Sticker Capsule 1'}
2025-06-28 22:02:53,878 - scraper.steam_names - WARNING - Item inválido, falta campo Item: {'name': 'Paris 2023 Challengers Autograph Capsule', 'original_name': 'Paris 2023 Challengers Autograph Capsule', 'Platform': 'Steam Names', 'Timestamp': '2025-06-28 22:02:53', 'type': 'Base Grade Container', 'market_hash_name': 'Paris 2023 Challengers Autograph Capsule'}
2025-06-28 22:02:53,879 - scraper.steam_names - WARNING - Se descartaron 30 items inválidos
2025-06-28 22:02:53,879 - scraper.steam_names - WARNING - No se obtuvieron items válidos
2025-06-28 22:02:53,880 - scraper.steam_names - INFO - Estadísticas - Requests: 3, Fallos: 0, Items: 0, Éxito: 100.0%
2025-06-28 22:03:23,058 - scraper.steam_names - INFO - Scraper steam_names inicializado (habilitado: Sí, proxy: No, cache: Sí, API key: No)
2025-06-28 22:03:23,059 - scraper.steam_names - INFO - Steam Names scraper inicializado (max páginas: 100)
2025-06-28 22:03:23,059 - scraper.steam_names - INFO - Iniciando scraper steam_names
2025-06-28 22:03:23,060 - scraper.steam_names - INFO - Iniciando scraping de Steam Names...
2025-06-28 22:03:23,061 - scraper.steam_names - INFO - Obteniendo página 1 (start=0) de Steam Names...
2025-06-28 22:03:23,604 - scraper.steam_names - INFO - Página 1: 10 nombres únicos obtenidos (10 totales)
2025-06-28 22:03:23,606 - scraper.steam_names - INFO - Obteniendo página 2 (start=100) de Steam Names...
2025-06-28 22:03:25,371 - scraper.steam_names - INFO - Página 2: 10 nombres únicos obtenidos (10 totales)
2025-06-28 22:03:25,372 - scraper.steam_names - INFO - Obteniendo página 3 (start=200) de Steam Names...
2025-06-28 22:03:27,351 - scraper.steam_names - INFO - Página 3: 10 nombres únicos obtenidos (10 totales)
2025-06-28 22:03:27,352 - scraper.steam_names - INFO - Steam Names scraping completado: 30 nombres únicos en 3 páginas
2025-06-28 22:03:27,353 - scraper.steam_names - INFO - Tipos encontrados: {'Base Grade Container': 15, 'Classified Shotgun': 1, 'Mil-Spec Grade Rifle': 1, 'Restricted Rifle': 1, 'Classified Pistol': 1}
2025-06-28 22:03:27,357 - scraper.steam_names - INFO - Datos guardados en /mnt/c/Users/Zolu/Documents/aa-Proyecto CSGO-aa/BOT-VCSGO-BETA-V2/data/steam_names_data.json (30 items)
2025-06-28 22:03:27,358 - scraper.steam_names - INFO - Scraper completado: 30 items válidos obtenidos
2025-06-28 22:03:27,359 - scraper.steam_names - INFO - Estadísticas - Requests: 3, Fallos: 0, Items: 30, Éxito: 100.0%
