2025-06-28 21:35:37,785 - scraper.cstrade - INFO - Scraper cstrade inicializado (habilitado: Sí, proxy: No, cache: Sí, API key: No)
2025-06-28 21:35:37,786 - scraper.cstrade - INFO - CSTrade scraper inicializado (tasa bono: 50%)
2025-06-28 21:35:37,786 - scraper.cstrade - INFO - Iniciando scraper cstrade
2025-06-28 21:35:37,786 - scraper.cstrade - INFO - Iniciando scraping de CSTrade...
2025-06-28 21:35:39,322 - scraper.cstrade - INFO - Procesados 2692 items válidos de CSTrade
2025-06-28 21:35:39,324 - scraper.cstrade - INFO - CSTrade scraping completado: 2692 items (precio promedio: $58.52, rango: $0.02-$8410.93)
2025-06-28 21:35:39,335 - scraper.cstrade - INFO - Datos guardados en /mnt/c/Users/Zolu/Documents/aa-Proyecto CSGO-aa/BOT-VCSGO-BETA-V2/data/cstrade_data.json (2692 items)
2025-06-28 21:35:39,336 - scraper.cstrade - INFO - Scraper completado: 2692 items válidos obtenidos
2025-06-28 21:35:39,336 - scraper.cstrade - INFO - Estadísticas - Requests: 1, Fallos: 0, Items: 2692, Éxito: 100.0%
2025-06-29 07:53:45,266 - scraper.cstrade - INFO - Usando cache service avanzado de BOT-vCSGO-Beta
2025-06-29 07:53:45,267 - scraper.cstrade - INFO - Profitability engine disponible
2025-06-29 07:53:45,268 - scraper.cstrade - INFO - Scraper cstrade inicializado (habilitado: Sí, proxy: No, cache: Sí, API key: No)
2025-06-29 07:53:45,268 - scraper.cstrade - INFO - CSTrade scraper inicializado (tasa bono: 50%)
2025-06-29 07:53:45,269 - scraper.cstrade - INFO - Iniciando scraper cstrade
2025-06-29 07:53:45,269 - scraper.cstrade - INFO - Iniciando scraping de CSTrade...
2025-06-29 07:53:46,991 - scraper.cstrade - INFO - Procesados 2744 items válidos de CSTrade
2025-06-29 07:53:46,992 - scraper.cstrade - INFO - CSTrade scraping completado: 2744 items (precio promedio: $59.25, rango: $0.03-$8410.93)
2025-06-29 07:53:46,994 - scraper.cstrade - ERROR - Error calculando rentabilidad: ProfitabilityEngine.calculate_opportunities() got an unexpected keyword argument 'platform_data'
2025-06-29 07:53:47,002 - scraper.cstrade - INFO - Datos guardados en C:\Users\Zolu\Documents\aa-Proyecto CSGO-aa\BOT-VCSGO-BETA-V2\data\cstrade_data.json (2744 items)
2025-06-29 07:53:47,002 - scraper.cstrade - INFO - Scraper completado: 2744 items válidos obtenidos
2025-06-29 07:53:47,003 - scraper.cstrade - INFO - Estadísticas - Requests: 1, Fallos: 0, Items: 2744, Éxito: 100.0%
2025-06-29 08:03:12,252 - scraper.cstrade - INFO - Usando cache service avanzado de BOT-vCSGO-Beta
2025-06-29 08:03:12,254 - scraper.cstrade - INFO - Profitability engine disponible
2025-06-29 08:03:12,255 - scraper.cstrade - INFO - Scraper cstrade inicializado (habilitado: Sí, proxy: No, cache: Sí, API key: No)
2025-06-29 08:03:12,255 - scraper.cstrade - INFO - CSTrade scraper inicializado (tasa bono: 50%)
2025-06-29 08:03:12,256 - scraper.cstrade - INFO - Iniciando scraper cstrade
2025-06-29 08:03:12,256 - scraper.cstrade - INFO - Iniciando scraping de CSTrade...
2025-06-29 08:03:15,040 - scraper.cstrade - INFO - Procesados 11323 items válidos de CSTrade
2025-06-29 08:03:15,042 - scraper.cstrade - INFO - CSTrade scraping completado: 11323 items (precio promedio: $134.91, rango: $0.02-$12428.20)
2025-06-29 08:03:15,051 - scraper.cstrade - ERROR - Error calculando rentabilidad: ProfitabilityEngine.calculate_opportunities() got an unexpected keyword argument 'platform_data'
2025-06-29 08:03:15,059 - scraper.cstrade - INFO - Datos guardados en C:\Users\Zolu\Documents\aa-Proyecto CSGO-aa\BOT-VCSGO-BETA-V2\data\cstrade_data.json (11323 items)
2025-06-29 08:03:15,060 - scraper.cstrade - INFO - Scraper completado: 11323 items válidos obtenidos
2025-06-29 08:03:15,060 - scraper.cstrade - INFO - Estadísticas - Requests: 1, Fallos: 0, Items: 11323, Éxito: 100.0%
2025-06-29 08:04:06,410 - scraper.cstrade - INFO - Usando cache service avanzado de BOT-vCSGO-Beta
2025-06-29 08:04:06,411 - scraper.cstrade - INFO - Profitability engine disponible
2025-06-29 08:04:06,412 - scraper.cstrade - INFO - Scraper cstrade inicializado (habilitado: Sí, proxy: No, cache: Sí, API key: No)
2025-06-29 08:04:06,412 - scraper.cstrade - INFO - CSTrade scraper inicializado (tasa bono: 50%)
2025-06-29 08:04:06,412 - scraper.cstrade - INFO - Iniciando scraper cstrade
2025-06-29 08:04:06,413 - scraper.cstrade - INFO - Iniciando scraping de CSTrade...
2025-06-29 08:04:07,914 - scraper.cstrade - INFO - Procesados 2321 items válidos de CSTrade
2025-06-29 08:04:07,916 - scraper.cstrade - INFO - CSTrade scraping completado: 2321 items (precio promedio: $63.98, rango: $0.03-$8410.93)
2025-06-29 08:04:07,919 - scraper.cstrade - ERROR - Error calculando rentabilidad: ProfitabilityEngine.calculate_opportunities() got an unexpected keyword argument 'platform_data'
2025-06-29 08:04:07,920 - scraper.cstrade - INFO - Datos guardados en C:\Users\Zolu\Documents\aa-Proyecto CSGO-aa\BOT-VCSGO-BETA-V2\data\cstrade_data.json (2321 items)
2025-06-29 08:04:07,921 - scraper.cstrade - INFO - Scraper completado: 2321 items válidos obtenidos
2025-06-29 08:04:07,922 - scraper.cstrade - INFO - Estadísticas - Requests: 1, Fallos: 0, Items: 2321, Éxito: 100.0%
2025-06-29 08:08:34,528 - scraper.cstrade - INFO - Usando cache service avanzado de BOT-vCSGO-Beta
2025-06-29 08:08:34,530 - scraper.cstrade - INFO - Profitability engine disponible
2025-06-29 08:08:34,530 - scraper.cstrade - INFO - Scraper cstrade inicializado (habilitado: Sí, proxy: No, cache: Sí, API key: No)
2025-06-29 08:08:34,530 - scraper.cstrade - INFO - CSTrade scraper inicializado (tasa bono: 50%)
2025-06-29 08:08:34,531 - scraper.cstrade - INFO - Iniciando scraper cstrade
2025-06-29 08:08:34,531 - scraper.cstrade - INFO - Iniciando scraping de CSTrade...
2025-06-29 08:08:36,034 - scraper.cstrade - INFO - Procesados 2321 items válidos de CSTrade
2025-06-29 08:08:36,036 - scraper.cstrade - INFO - CSTrade scraping completado: 2321 items (precio promedio: $63.98, rango: $0.03-$8410.93)
2025-06-29 08:08:36,038 - scraper.cstrade - ERROR - Error calculando rentabilidad: ProfitabilityEngine.calculate_opportunities() got an unexpected keyword argument 'platform_data'
2025-06-29 08:08:36,044 - scraper.cstrade - INFO - Datos guardados en C:\Users\Zolu\Documents\aa-Proyecto CSGO-aa\BOT-VCSGO-BETA-V2\data\cstrade_data.json (2321 items)
2025-06-29 08:08:36,044 - scraper.cstrade - INFO - Scraper completado: 2321 items válidos obtenidos
2025-06-29 08:08:36,045 - scraper.cstrade - INFO - Estadísticas - Requests: 1, Fallos: 0, Items: 2321, Éxito: 100.0%
2025-06-29 08:11:04,979 - scraper.cstrade - INFO - Usando cache service avanzado de BOT-vCSGO-Beta
2025-06-29 08:11:04,982 - scraper.cstrade - INFO - Profitability engine disponible
2025-06-29 08:11:04,982 - scraper.cstrade - INFO - Scraper cstrade inicializado (habilitado: Sí, proxy: No, cache: Sí, API key: No)
2025-06-29 08:11:04,982 - scraper.cstrade - INFO - CSTrade scraper inicializado (tasa bono: 50%)
2025-06-29 08:11:04,982 - scraper.cstrade - INFO - Iniciando scraper cstrade
2025-06-29 08:11:04,983 - scraper.cstrade - INFO - Iniciando scraping de CSTrade...
2025-06-29 08:11:07,679 - scraper.cstrade - INFO - Procesados 2317 items válidos de CSTrade
2025-06-29 08:11:07,680 - scraper.cstrade - INFO - CSTrade scraping completado: 2317 items 
2025-06-29 08:11:07,683 - scraper.cstrade - ERROR - Error calculando rentabilidad: ProfitabilityEngine.calculate_opportunities() got an unexpected keyword argument 'platform_data'
2025-06-29 08:11:07,689 - scraper.cstrade - INFO - Datos guardados en C:\Users\Zolu\Documents\aa-Proyecto CSGO-aa\BOT-VCSGO-BETA-V2\data\cstrade_data.json (2317 items)
2025-06-29 08:11:07,689 - scraper.cstrade - INFO - Scraper completado: 2317 items válidos obtenidos
2025-06-29 08:11:07,690 - scraper.cstrade - INFO - Estadísticas - Requests: 1, Fallos: 0, Items: 2317, Éxito: 100.0%
2025-06-29 08:11:37,304 - scraper.cstrade - INFO - Usando cache service avanzado de BOT-vCSGO-Beta
2025-06-29 08:11:37,306 - scraper.cstrade - INFO - Profitability engine disponible
2025-06-29 08:11:37,306 - scraper.cstrade - INFO - Scraper cstrade inicializado (habilitado: Sí, proxy: No, cache: Sí, API key: No)
2025-06-29 08:11:37,307 - scraper.cstrade - INFO - CSTrade scraper inicializado (tasa bono: 50%)
2025-06-29 08:11:37,307 - scraper.cstrade - INFO - Iniciando scraper cstrade
2025-06-29 08:11:37,307 - scraper.cstrade - INFO - Iniciando scraping de CSTrade...
2025-06-29 08:11:38,684 - scraper.cstrade - INFO - Procesados 2317 items válidos de CSTrade
2025-06-29 08:11:38,685 - scraper.cstrade - INFO - CSTrade scraping completado: 2317 items 
2025-06-29 08:11:38,688 - scraper.cstrade - ERROR - Error calculando rentabilidad: ProfitabilityEngine.calculate_opportunities() got an unexpected keyword argument 'platform_data'
2025-06-29 08:11:38,694 - scraper.cstrade - INFO - Datos guardados en C:\Users\Zolu\Documents\aa-Proyecto CSGO-aa\BOT-VCSGO-BETA-V2\data\cstrade_data.json (2317 items)
2025-06-29 08:11:38,694 - scraper.cstrade - INFO - Scraper completado: 2317 items válidos obtenidos
2025-06-29 08:11:38,695 - scraper.cstrade - INFO - Estadísticas - Requests: 1, Fallos: 0, Items: 2317, Éxito: 100.0%
2025-07-07 13:50:45,927 - scraper.cstrade - INFO - Usando cache service avanzado de BOT-vCSGO-Beta
2025-07-07 13:50:45,929 - scraper.cstrade - INFO - Profitability engine disponible
2025-07-07 13:50:45,930 - scraper.cstrade - INFO - Scraper cstrade inicializado (habilitado: Sí, proxy: No, cache: Sí, API key: No)
2025-07-07 13:50:45,931 - scraper.cstrade - INFO - CSTrade scraper inicializado (tasa bono: 50%)
2025-07-07 13:50:45,932 - scraper.cstrade - INFO - Iniciando scraper cstrade
2025-07-07 13:50:45,932 - scraper.cstrade - INFO - Iniciando scraping de CSTrade...
2025-07-07 13:50:48,764 - scraper.cstrade - INFO - Procesados 2264 items válidos de CSTrade
2025-07-07 13:50:48,765 - scraper.cstrade - INFO - CSTrade scraping completado: 2264 items 
2025-07-07 13:50:48,768 - scraper.cstrade - ERROR - Error calculando rentabilidad: ProfitabilityEngine.calculate_opportunities() got an unexpected keyword argument 'platform_data'
2025-07-07 13:50:48,770 - scraper.cstrade - INFO - Datos guardados en C:\Users\Zolu\Documents\aa-Proyecto CSGO-aa\BOT-VCSGO-BETA-V2\data\cstrade_data.json (2264 items)
2025-07-07 13:50:48,771 - scraper.cstrade - INFO - Scraper completado: 2264 items válidos obtenidos
2025-07-07 13:50:48,771 - scraper.cstrade - INFO - Estadísticas - Requests: 1, Fallos: 0, Items: 2264, Éxito: 100.0%
2025-07-07 20:10:50,728 - scraper.cstrade - INFO - Usando cache service avanzado de BOT-vCSGO-Beta
2025-07-07 20:10:50,753 - scraper.cstrade - INFO - Profitability engine disponible
2025-07-07 20:10:50,754 - scraper.cstrade - INFO - Scraper cstrade inicializado (habilitado: Sí, proxy: No, cache: Sí, API key: No)
2025-07-07 20:10:50,777 - scraper.cstrade - INFO - CSTrade scraper inicializado (tasa bono: 50%)
2025-07-07 20:10:50,780 - scraper.cstrade - INFO - Iniciando scraper cstrade
2025-07-07 20:10:50,783 - scraper.cstrade - INFO - Iniciando scraping de CSTrade...
2025-07-07 20:10:53,709 - scraper.cstrade - INFO - Procesados 2256 items válidos de CSTrade
2025-07-07 20:10:53,710 - scraper.cstrade - INFO - CSTrade scraping completado: 2256 items 
2025-07-07 20:10:53,713 - scraper.cstrade - ERROR - Error calculando rentabilidad: ProfitabilityEngine.calculate_opportunities() got an unexpected keyword argument 'platform_data'
2025-07-07 20:10:53,715 - scraper.cstrade - INFO - Datos guardados en C:\Users\Zolu\Documents\aa-Proyecto CSGO-aa\BOT-VCSGO-BETA-V2\data\cstrade_data.json (2256 items)
2025-07-07 20:10:53,717 - scraper.cstrade - INFO - Scraper completado: 2256 items válidos obtenidos
2025-07-07 20:10:53,718 - scraper.cstrade - INFO - Estadísticas - Requests: 1, Fallos: 0, Items: 2256, Éxito: 100.0%
2025-07-08 03:49:50,575 - scraper.cstrade - INFO - Usando cache service avanzado de BOT-vCSGO-Beta
2025-07-08 03:49:50,577 - scraper.cstrade - INFO - Profitability engine disponible
2025-07-08 03:49:50,577 - scraper.cstrade - INFO - Scraper cstrade inicializado (habilitado: Sí, proxy: No, cache: Sí, API key: No)
2025-07-08 03:49:50,577 - scraper.cstrade - INFO - CSTrade scraper inicializado (tasa bono: 50%)
2025-07-08 03:49:50,578 - scraper.cstrade - INFO - Iniciando scraper cstrade
2025-07-08 03:49:50,578 - scraper.cstrade - INFO - Iniciando scraping de CSTrade...
2025-07-08 03:49:52,155 - scraper.cstrade - INFO - Procesados 2229 items válidos de CSTrade
2025-07-08 03:49:52,157 - scraper.cstrade - INFO - CSTrade scraping completado: 2229 items 
2025-07-08 03:49:52,159 - scraper.cstrade - ERROR - Error calculando rentabilidad: ProfitabilityEngine.calculate_opportunities() got an unexpected keyword argument 'platform_data'
2025-07-08 03:49:52,165 - scraper.cstrade - INFO - Datos guardados en C:\Users\Zolu\Documents\aa-Proyecto CSGO-aa\BOT-VCSGO-BETA-V2\data\cstrade_data.json (2229 items)
2025-07-08 03:49:52,165 - scraper.cstrade - INFO - Scraper completado: 2229 items válidos obtenidos
2025-07-08 03:49:52,166 - scraper.cstrade - INFO - Estadísticas - Requests: 1, Fallos: 0, Items: 2229, Éxito: 100.0%
