2025-06-29 10:16:50,418 - scraper.rustskins - INFO - Usando cache service avanzado de BOT-vCSGO-Beta
2025-06-29 10:16:50,420 - scraper.rustskins - INFO - Profitability engine disponible
2025-06-29 10:16:50,422 - scraper.rustskins - INFO - Scraper rustskins inicializado (habilitado: Sí, proxy: No, cache: Sí, API key: Sí)
2025-06-29 10:16:50,423 - scraper.rustskins - INFO - RapidSkins scraper inicializado con Selenium + ChromeDriver
2025-06-29 10:16:50,423 - scraper.rustskins - INFO - Configuración migrada desde BOT-vCSGO-Beta
2025-06-29 10:16:50,423 - scraper.rustskins - INFO - Iniciando scraper rustskins
2025-06-29 10:16:50,425 - scraper.rustskins - INFO - Obteniendo datos de RapidSkins usando ChromeDriver...
2025-06-29 10:16:50,425 - scraper.rustskins - INFO - Usando API key de RustSkins para autenticación
2025-06-29 10:16:50,426 - scraper.rustskins - INFO - Iniciando ChromeDriver con perfil personalizado...
2025-06-29 09:17:19,482 - scraper.rustskins - INFO - Usando cache service avanzado de BOT-vCSGO-Beta
2025-06-29 09:17:19,483 - scraper.rustskins - INFO - Profitability engine disponible
2025-06-29 09:17:19,484 - scraper.rustskins - INFO - Scraper rustskins inicializado (habilitado: Sí, proxy: No, cache: Sí, API key: Sí)
2025-06-29 09:17:19,484 - scraper.rustskins - INFO - RapidSkins scraper inicializado con Selenium + ChromeDriver
2025-06-29 09:17:19,484 - scraper.rustskins - INFO - Configuración migrada desde BOT-vCSGO-Beta
2025-06-29 09:17:19,485 - scraper.rustskins - INFO - Iniciando scraper rustskins
2025-06-29 09:17:19,485 - scraper.rustskins - INFO - Obteniendo datos de RapidSkins usando ChromeDriver...
2025-06-29 09:17:19,485 - scraper.rustskins - INFO - Usando API key de RustSkins para autenticación
2025-06-29 09:17:19,485 - scraper.rustskins - INFO - Iniciando ChromeDriver con perfil personalizado...
2025-06-29 09:17:22,952 - scraper.rustskins - INFO - ChromeDriver configurado exitosamente con perfil personalizado
2025-06-29 09:17:25,953 - scraper.rustskins - INFO - Navegando a https://rapidskins.com/market...
2025-06-29 09:17:32,212 - scraper.rustskins - INFO - Página de market cargada correctamente
2025-06-29 09:17:32,212 - scraper.rustskins - INFO - Esperando que se cargue Tampermonkey...
2025-06-29 09:17:37,213 - scraper.rustskins - INFO - Esperando que Tampermonkey complete la extracción...
2025-06-29 09:18:17,306 - scraper.rustskins - INFO - Extracción completada. Items encontrados: 5809
2025-06-29 09:18:17,306 - scraper.rustskins - INFO - Obteniendo datos extraídos...
2025-06-29 09:18:17,347 - scraper.rustskins - INFO - Total items obtenidos: 5809
2025-06-29 09:18:17,347 - scraper.rustskins - INFO - Cerrando ChromeDriver...
2025-06-29 09:18:25,540 - scraper.rustskins - ERROR - Error calculando rentabilidad: ProfitabilityEngine.calculate_opportunities() got an unexpected keyword argument 'platform_data'
2025-06-29 09:18:25,542 - scraper.rustskins - INFO - Datos guardados en C:\Users\Zolu\Documents\aa-Proyecto CSGO-aa\BOT-VCSGO-BETA-V2\data\rustskins_data.json (5809 items)
2025-06-29 09:18:25,543 - scraper.rustskins - INFO - Scraper completado: 5809 items válidos obtenidos
2025-06-29 09:18:25,548 - scraper.rustskins - INFO - Estadísticas - Requests: 0, Fallos: 0, Items: 5809, Éxito: 0.0%
2025-06-29 09:27:43,341 - scraper.rustskins - INFO - Usando cache service avanzado de BOT-vCSGO-Beta
2025-06-29 09:27:43,343 - scraper.rustskins - INFO - Profitability engine disponible
2025-06-29 09:27:43,344 - scraper.rustskins - INFO - Scraper rustskins inicializado (habilitado: Sí, proxy: No, cache: Sí, API key: Sí)
2025-06-29 09:27:43,344 - scraper.rustskins - INFO - RapidSkins scraper inicializado con Selenium + ChromeDriver
2025-06-29 09:27:43,344 - scraper.rustskins - INFO - Configuración migrada desde BOT-vCSGO-Beta
2025-06-29 09:27:43,345 - scraper.rustskins - INFO - Iniciando scraper rustskins
2025-06-29 09:27:43,346 - scraper.rustskins - INFO - Obteniendo datos de RapidSkins usando ChromeDriver...
2025-06-29 09:27:43,346 - scraper.rustskins - INFO - Usando API key de RustSkins para autenticación
2025-06-29 09:27:43,346 - scraper.rustskins - INFO - Iniciando ChromeDriver con perfil personalizado...
2025-06-29 09:27:44,476 - scraper.rustskins - INFO - ChromeDriver configurado exitosamente con perfil personalizado
2025-06-29 09:27:47,477 - scraper.rustskins - INFO - Navegando a https://rapidskins.com/market...
2025-06-29 09:27:52,397 - scraper.rustskins - INFO - Página de market cargada correctamente
2025-06-29 09:27:52,398 - scraper.rustskins - INFO - Esperando que se cargue Tampermonkey...
2025-06-29 09:27:57,400 - scraper.rustskins - INFO - Esperando que Tampermonkey complete la extracción...
2025-06-29 09:28:41,660 - scraper.rustskins - INFO - Extracción completada. Items encontrados: 5813
2025-06-29 09:28:41,660 - scraper.rustskins - INFO - Obteniendo datos extraídos...
2025-06-29 09:28:41,709 - scraper.rustskins - INFO - Total items obtenidos: 5813
2025-06-29 09:28:41,710 - scraper.rustskins - INFO - Cerrando ChromeDriver...
