2025-07-13 10:23:00,134 - scraper.rapidskins - INFO - Usando cache service avanzado de BOT-vCSGO-Beta
2025-07-13 10:23:00,135 - scraper.rapidskins - INFO - Profitability engine disponible
2025-07-13 10:23:00,136 - scraper.rapidskins - INFO - Scraper rapidskins inicializado (habilitado: Sí, proxy: No, cache: Sí, API key: No)
2025-07-13 10:23:00,136 - scraper.rapidskins - INFO - RapidSkins scraper inicializado con Selenium + ChromeDriver
2025-07-13 10:23:00,137 - scraper.rapidskins - INFO - Configuración migrada desde BOT-vCSGO-Beta
2025-07-13 10:23:00,137 - scraper.rapidskins - INFO - Datos se guardarán en: C:\Users\Zolu\Documents\aa-Proyecto CSGO-aa\BOT-VCSGO-BETA-V2\data\rapidskins_data.json
2025-07-13 10:23:00,137 - scraper.rapidskins - INFO - Iniciando scraper rapidskins
2025-07-13 10:23:00,138 - scraper.rapidskins - INFO - Obteniendo datos de RapidSkins usando ChromeDriver...
2025-07-13 10:23:00,138 - scraper.rapidskins - INFO - Iniciando ChromeDriver con perfil personalizado...
2025-07-13 10:23:19,610 - scraper.rapidskins - INFO - ChromeDriver configurado exitosamente con perfil personalizado
2025-07-13 10:23:22,611 - scraper.rapidskins - INFO - Navegando a https://rapidskins.com/market...
2025-07-13 10:23:28,950 - scraper.rapidskins - INFO - Página de market cargada correctamente
2025-07-13 10:23:28,951 - scraper.rapidskins - INFO - Esperando que se cargue Tampermonkey...
2025-07-13 10:23:33,952 - scraper.rapidskins - INFO - Esperando que Tampermonkey complete la extracción...
2025-07-13 10:24:19,533 - scraper.rapidskins - INFO - Extracción completada. Items encontrados: 6830
2025-07-13 10:24:19,533 - scraper.rapidskins - INFO - Obteniendo datos extraídos...
2025-07-13 10:24:19,574 - scraper.rapidskins - INFO - Total items obtenidos: 2703
2025-07-13 10:24:19,588 - scraper.rapidskins - INFO - Datos guardados exitosamente en: C:\Users\Zolu\Documents\aa-Proyecto CSGO-aa\BOT-VCSGO-BETA-V2\data\rapidskins_data.json
2025-07-13 10:24:19,589 - scraper.rapidskins - INFO - Total de items guardados: 2703
2025-07-13 10:24:19,590 - scraper.rapidskins - INFO - ✅ Datos guardados exitosamente
2025-07-13 10:24:19,590 - scraper.rapidskins - INFO - Cerrando ChromeDriver...
2025-07-13 10:24:27,775 - scraper.rapidskins - ERROR - Error calculando rentabilidad: ProfitabilityEngine.calculate_opportunities() got an unexpected keyword argument 'platform_data'
2025-07-13 10:24:27,778 - scraper.rapidskins - INFO - Datos guardados en C:\Users\Zolu\Documents\aa-Proyecto CSGO-aa\BOT-VCSGO-BETA-V2\data\rapidskins_data.json (2703 items)
2025-07-13 10:24:27,778 - scraper.rapidskins - INFO - Scraper completado: 2703 items válidos obtenidos
2025-07-13 10:24:27,779 - scraper.rapidskins - INFO - Estadísticas - Requests: 0, Fallos: 0, Items: 2703, Éxito: 0.0%
