2025-06-28 21:36:49,656 - scraper.marketcsgo - INFO - Scraper marketcsgo inicializado (habilitado: Sí, proxy: No, cache: Sí, API key: No)
2025-06-28 21:36:49,657 - scraper.marketcsgo - INFO - MarketCSGO scraper inicializado
2025-06-28 21:36:49,658 - scraper.marketcsgo - INFO - Iniciando scraper marketcsgo
2025-06-28 21:36:49,659 - scraper.marketcsgo - INFO - Iniciando scraping de MarketCSGO...
2025-06-28 21:36:50,957 - scraper.marketcsgo - INFO - Procesados 22140 items válidos de MarketCSGO
2025-06-28 21:36:50,961 - scraper.marketcsgo - INFO - MarketCSGO scraping completado: 22140 items (precio promedio: $156.46, rango: $0.01-$498283.95)
2025-06-28 21:36:51,009 - scraper.marketcsgo - INFO - Datos guardados en /mnt/c/Users/Zolu/Documents/aa-Proyecto CSGO-aa/BOT-VCSGO-BETA-V2/data/marketcsgo_data.json (22140 items)
2025-06-28 21:36:51,010 - scraper.marketcsgo - INFO - Scraper completado: 22140 items válidos obtenidos
2025-06-28 21:36:51,011 - scraper.marketcsgo - INFO - Estadísticas - Requests: 1, Fallos: 0, Items: 22140, Éxito: 100.0%
2025-06-29 10:08:45,710 - scraper.marketcsgo - INFO - Usando cache service avanzado de BOT-vCSGO-Beta
2025-06-29 10:08:45,715 - scraper.marketcsgo - INFO - Profitability engine disponible
2025-06-29 10:08:45,716 - scraper.marketcsgo - INFO - Scraper marketcsgo inicializado (habilitado: Sí, proxy: No, cache: Sí, API key: No)
2025-06-29 10:08:45,717 - scraper.marketcsgo - INFO - MarketCSGO scraper inicializado
2025-06-29 10:08:45,717 - scraper.marketcsgo - INFO - Iniciando scraper marketcsgo
2025-06-29 10:08:45,718 - scraper.marketcsgo - INFO - Iniciando scraping de MarketCSGO...
2025-06-29 10:08:46,280 - scraper.marketcsgo - INFO - Procesados 22412 items válidos de MarketCSGO
2025-06-29 10:08:46,284 - scraper.marketcsgo - INFO - MarketCSGO scraping completado: 22412 items (precio promedio: $156.43, rango: $0.01-$497586.74)
2025-06-29 10:08:46,298 - scraper.marketcsgo - ERROR - Error calculando rentabilidad: ProfitabilityEngine.calculate_opportunities() got an unexpected keyword argument 'platform_data'
2025-06-29 10:08:46,332 - scraper.marketcsgo - INFO - Datos guardados en /mnt/c/Users/Zolu/Documents/aa-Proyecto CSGO-aa/BOT-VCSGO-BETA-V2/data/marketcsgo_data.json (22412 items)
2025-06-29 10:08:46,333 - scraper.marketcsgo - INFO - Scraper completado: 22412 items válidos obtenidos
2025-06-29 10:08:46,334 - scraper.marketcsgo - INFO - Estadísticas - Requests: 1, Fallos: 0, Items: 22412, Éxito: 100.0%
2025-06-29 10:12:17,266 - scraper.marketcsgo - INFO - Usando cache service avanzado de BOT-vCSGO-Beta
2025-06-29 10:12:17,268 - scraper.marketcsgo - INFO - Profitability engine disponible
2025-06-29 10:12:17,270 - scraper.marketcsgo - INFO - Scraper marketcsgo inicializado (habilitado: Sí, proxy: No, cache: Sí, API key: No)
2025-06-29 10:12:17,271 - scraper.marketcsgo - INFO - MarketCSGO scraper inicializado
2025-06-29 10:12:17,271 - scraper.marketcsgo - INFO - Iniciando scraper marketcsgo
2025-06-29 10:12:17,272 - scraper.marketcsgo - INFO - Iniciando scraping de MarketCSGO...
2025-06-29 10:12:18,056 - scraper.marketcsgo - INFO - Procesados 22398 items válidos de MarketCSGO
2025-06-29 10:12:18,060 - scraper.marketcsgo - INFO - MarketCSGO scraping completado: 22398 items (precio promedio: $156.41, rango: $0.01-$497586.74)
2025-06-29 10:12:18,076 - scraper.marketcsgo - ERROR - Error calculando rentabilidad: ProfitabilityEngine.calculate_opportunities() got an unexpected keyword argument 'platform_data'
2025-06-29 10:12:18,105 - scraper.marketcsgo - INFO - Datos guardados en /mnt/c/Users/Zolu/Documents/aa-Proyecto CSGO-aa/BOT-VCSGO-BETA-V2/data/marketcsgo_data.json (22398 items)
2025-06-29 10:12:18,107 - scraper.marketcsgo - INFO - Scraper completado: 22398 items válidos obtenidos
2025-06-29 10:12:18,107 - scraper.marketcsgo - INFO - Estadísticas - Requests: 1, Fallos: 0, Items: 22398, Éxito: 100.0%
2025-06-29 10:14:32,142 - scraper.marketcsgo - INFO - Usando cache service avanzado de BOT-vCSGO-Beta
2025-06-29 10:14:32,144 - scraper.marketcsgo - INFO - Profitability engine disponible
2025-06-29 10:14:32,146 - scraper.marketcsgo - INFO - Scraper marketcsgo inicializado (habilitado: Sí, proxy: No, cache: Sí, API key: No)
2025-06-29 10:14:32,147 - scraper.marketcsgo - INFO - MarketCSGO scraper inicializado
2025-06-29 10:14:32,147 - scraper.marketcsgo - INFO - Iniciando scraper marketcsgo
2025-06-29 10:14:32,148 - scraper.marketcsgo - INFO - Iniciando scraping de MarketCSGO...
2025-06-29 10:14:33,402 - scraper.marketcsgo - INFO - Procesados 22405 items válidos de MarketCSGO
2025-06-29 10:14:33,407 - scraper.marketcsgo - INFO - MarketCSGO scraping completado: 22405 items (precio promedio: $156.40, rango: $0.01-$497586.74)
2025-06-29 10:14:33,423 - scraper.marketcsgo - ERROR - Error calculando rentabilidad: ProfitabilityEngine.calculate_opportunities() got an unexpected keyword argument 'platform_data'
2025-06-29 10:14:33,450 - scraper.marketcsgo - INFO - Datos guardados en /mnt/c/Users/Zolu/Documents/aa-Proyecto CSGO-aa/BOT-VCSGO-BETA-V2/data/marketcsgo_data.json (22405 items)
2025-06-29 10:14:33,452 - scraper.marketcsgo - INFO - Scraper completado: 22405 items válidos obtenidos
2025-06-29 10:14:33,452 - scraper.marketcsgo - INFO - Estadísticas - Requests: 1, Fallos: 0, Items: 22405, Éxito: 100.0%
2025-07-07 13:50:46,162 - scraper.marketcsgo - INFO - Usando cache service avanzado de BOT-vCSGO-Beta
2025-07-07 13:50:46,237 - scraper.marketcsgo - INFO - Profitability engine disponible
2025-07-07 13:50:46,243 - scraper.marketcsgo - INFO - Scraper marketcsgo inicializado (habilitado: Sí, proxy: No, cache: Sí, API key: No)
2025-07-07 13:50:46,247 - scraper.marketcsgo - INFO - MarketCSGO scraper inicializado
2025-07-07 13:50:46,250 - scraper.marketcsgo - INFO - Iniciando scraper marketcsgo
2025-07-07 13:50:46,275 - scraper.marketcsgo - INFO - Iniciando scraping de MarketCSGO...
2025-07-07 13:50:48,174 - scraper.marketcsgo - INFO - Procesados 22397 items válidos de MarketCSGO
2025-07-07 13:50:48,182 - scraper.marketcsgo - INFO - MarketCSGO scraping completado: 22397 items (precio promedio: $165.25, rango: $0.01-$497144.23)
2025-07-07 13:50:48,200 - scraper.marketcsgo - ERROR - Error calculando rentabilidad: ProfitabilityEngine.calculate_opportunities() got an unexpected keyword argument 'platform_data'
2025-07-07 13:50:48,216 - scraper.marketcsgo - INFO - Datos guardados en C:\Users\Zolu\Documents\aa-Proyecto CSGO-aa\BOT-VCSGO-BETA-V2\data\marketcsgo_data.json (22397 items)
2025-07-07 13:50:48,223 - scraper.marketcsgo - INFO - Scraper completado: 22397 items válidos obtenidos
2025-07-07 13:50:48,229 - scraper.marketcsgo - INFO - Estadísticas - Requests: 1, Fallos: 0, Items: 22397, Éxito: 100.0%
2025-07-07 20:10:50,732 - scraper.marketcsgo - INFO - Usando cache service avanzado de BOT-vCSGO-Beta
2025-07-07 20:10:50,741 - scraper.marketcsgo - INFO - Profitability engine disponible
2025-07-07 20:10:50,745 - scraper.marketcsgo - INFO - Scraper marketcsgo inicializado (habilitado: Sí, proxy: No, cache: Sí, API key: No)
2025-07-07 20:10:50,752 - scraper.marketcsgo - INFO - MarketCSGO scraper inicializado
2025-07-07 20:10:50,755 - scraper.marketcsgo - INFO - Iniciando scraper marketcsgo
2025-07-07 20:10:50,757 - scraper.marketcsgo - INFO - Iniciando scraping de MarketCSGO...
2025-07-07 20:10:52,479 - scraper.marketcsgo - INFO - Procesados 22254 items válidos de MarketCSGO
2025-07-07 20:10:52,487 - scraper.marketcsgo - INFO - MarketCSGO scraping completado: 22254 items (precio promedio: $180.56, rango: $0.01-$497144.23)
2025-07-07 20:10:52,507 - scraper.marketcsgo - ERROR - Error calculando rentabilidad: ProfitabilityEngine.calculate_opportunities() got an unexpected keyword argument 'platform_data'
2025-07-07 20:10:52,529 - scraper.marketcsgo - INFO - Datos guardados en C:\Users\Zolu\Documents\aa-Proyecto CSGO-aa\BOT-VCSGO-BETA-V2\data\marketcsgo_data.json (22254 items)
2025-07-07 20:10:52,532 - scraper.marketcsgo - INFO - Scraper completado: 22254 items válidos obtenidos
2025-07-07 20:10:52,533 - scraper.marketcsgo - INFO - Estadísticas - Requests: 1, Fallos: 0, Items: 22254, Éxito: 100.0%
